ERROR - 2023-10-10 06:23:00 --> mysqli_sql_exception: Unknown column 'status' in 'where clause' in /opt/lampp/htdocs/codeigniter4/system/Database/MySQLi/Connection.php:306
Stack trace:
#0 /opt/lampp/htdocs/codeigniter4/system/Database/MySQLi/Connection.php(306): mysqli->query('SELECT * FROM t...', 0)
#1 /opt/lampp/htdocs/codeigniter4/system/Database/BaseConnection.php(692): CodeIgniter\Database\MySQLi\Connection->execute('SELECT * FROM t...')
#2 /opt/lampp/htdocs/codeigniter4/system/Database/BaseConnection.php(606): CodeIgniter\Database\BaseConnection->simpleQuery('SELECT * FROM t...')
#3 /opt/lampp/htdocs/codeigniter4/app/Models/UserModel.php(12): CodeIgniter\Database\BaseConnection->query('SELECT * FROM t...')
#4 /opt/lampp/htdocs/codeigniter4/app/Controllers/Banner.php(23): App\Models\UserModel->getData()
#5 /opt/lampp/htdocs/codeigniter4/system/CodeIgniter.php(919): App\Controllers\Banner->storedata()
#6 /opt/lampp/htdocs/codeigniter4/system/CodeIgniter.php(494): CodeIgniter\CodeIgniter->runController(Object(App\Controllers\Banner))
#7 /opt/lampp/htdocs/codeigniter4/system/CodeIgniter.php(353): CodeIgniter\CodeIgniter->handleRequest(NULL, Object(Config\Cache), false)
#8 /opt/lampp/htdocs/codeigniter4/index.php(80): CodeIgniter\CodeIgniter->run()
#9 {main}
CRITICAL - 2023-10-10 06:23:00 --> Unknown column 'status' in 'where clause'
in SYSTEMPATH/Database/BaseConnection.php on line 646.
 1 APPPATH/Models/UserModel.php(12): CodeIgniter\Database\BaseConnection->query('SELECT * FROM tbl_banner WHERE status = \'active\'')
 2 APPPATH/Controllers/Banner.php(23): App\Models\UserModel->getData()
 3 SYSTEMPATH/CodeIgniter.php(919): App\Controllers\Banner->storedata()
 4 SYSTEMPATH/CodeIgniter.php(494): CodeIgniter\CodeIgniter->runController(Object(App\Controllers\Banner))
 5 SYSTEMPATH/CodeIgniter.php(353): CodeIgniter\CodeIgniter->handleRequest(null, Object(Config\Cache), false)
 6 FCPATH/index.php(80): CodeIgniter\CodeIgniter->run()
CRITICAL - 2023-10-10 06:38:56 --> Class "App\Models\UserModel" not found
in APPPATH/Controllers/Banner.php on line 23.
 1 SYSTEMPATH/CodeIgniter.php(919): App\Controllers\Banner->storedata()
 2 SYSTEMPATH/CodeIgniter.php(494): CodeIgniter\CodeIgniter->runController(Object(App\Controllers\Banner))
 3 SYSTEMPATH/CodeIgniter.php(353): CodeIgniter\CodeIgniter->handleRequest(null, Object(Config\Cache), false)
 4 FCPATH/index.php(80): CodeIgniter\CodeIgniter->run()
CRITICAL - 2023-10-10 07:40:17 --> Undefined property: App\Controllers\Banner::$BannerModel
in APPPATH/Controllers/Banner.php on line 85.
 1 APPPATH/Controllers/Banner.php(85): CodeIgniter\Debug\Exceptions->errorHandler(2, 'Undefined property: App\\Controllers\\Banner::$BannerModel', '/opt/lampp/htdocs/codeigniter4/app/Controllers/Banner.php', 85)
 2 SYSTEMPATH/CodeIgniter.php(919): App\Controllers\Banner->storedata()
 3 SYSTEMPATH/CodeIgniter.php(494): CodeIgniter\CodeIgniter->runController(Object(App\Controllers\Banner))
 4 SYSTEMPATH/CodeIgniter.php(353): CodeIgniter\CodeIgniter->handleRequest(null, Object(Config\Cache), false)
 5 FCPATH/index.php(80): CodeIgniter\CodeIgniter->run()
CRITICAL - 2023-10-10 07:41:52 --> Undefined property: App\Controllers\Banner::$BannerModel
in APPPATH/Controllers/Banner.php on line 85.
 1 APPPATH/Controllers/Banner.php(85): CodeIgniter\Debug\Exceptions->errorHandler(2, 'Undefined property: App\\Controllers\\Banner::$BannerModel', '/opt/lampp/htdocs/codeigniter4/app/Controllers/Banner.php', 85)
 2 SYSTEMPATH/CodeIgniter.php(919): App\Controllers\Banner->storedata()
 3 SYSTEMPATH/CodeIgniter.php(494): CodeIgniter\CodeIgniter->runController(Object(App\Controllers\Banner))
 4 SYSTEMPATH/CodeIgniter.php(353): CodeIgniter\CodeIgniter->handleRequest(null, Object(Config\Cache), false)
 5 FCPATH/index.php(80): CodeIgniter\CodeIgniter->run()
CRITICAL - 2023-10-10 07:42:05 --> Undefined property: App\Controllers\Banner::$BannerModel
in APPPATH/Controllers/Banner.php on line 85.
 1 APPPATH/Controllers/Banner.php(85): CodeIgniter\Debug\Exceptions->errorHandler(2, 'Undefined property: App\\Controllers\\Banner::$BannerModel', '/opt/lampp/htdocs/codeigniter4/app/Controllers/Banner.php', 85)
 2 SYSTEMPATH/CodeIgniter.php(919): App\Controllers\Banner->storedata()
 3 SYSTEMPATH/CodeIgniter.php(494): CodeIgniter\CodeIgniter->runController(Object(App\Controllers\Banner))
 4 SYSTEMPATH/CodeIgniter.php(353): CodeIgniter\CodeIgniter->handleRequest(null, Object(Config\Cache), false)
 5 FCPATH/index.php(80): CodeIgniter\CodeIgniter->run()
CRITICAL - 2023-10-10 07:43:02 --> Undefined property: App\Controllers\Banner::$BannerModel
in APPPATH/Controllers/Banner.php on line 85.
 1 APPPATH/Controllers/Banner.php(85): CodeIgniter\Debug\Exceptions->errorHandler(2, 'Undefined property: App\\Controllers\\Banner::$BannerModel', '/opt/lampp/htdocs/codeigniter4/app/Controllers/Banner.php', 85)
 2 SYSTEMPATH/CodeIgniter.php(919): App\Controllers\Banner->storedata()
 3 SYSTEMPATH/CodeIgniter.php(494): CodeIgniter\CodeIgniter->runController(Object(App\Controllers\Banner))
 4 SYSTEMPATH/CodeIgniter.php(353): CodeIgniter\CodeIgniter->handleRequest(null, Object(Config\Cache), false)
 5 FCPATH/index.php(80): CodeIgniter\CodeIgniter->run()
CRITICAL - 2023-10-10 07:44:04 --> Undefined property: App\Controllers\Banner::$BannerModel
in APPPATH/Controllers/Banner.php on line 85.
 1 APPPATH/Controllers/Banner.php(85): CodeIgniter\Debug\Exceptions->errorHandler(2, 'Undefined property: App\\Controllers\\Banner::$BannerModel', '/opt/lampp/htdocs/codeigniter4/app/Controllers/Banner.php', 85)
 2 SYSTEMPATH/CodeIgniter.php(919): App\Controllers\Banner->storedata()
 3 SYSTEMPATH/CodeIgniter.php(494): CodeIgniter\CodeIgniter->runController(Object(App\Controllers\Banner))
 4 SYSTEMPATH/CodeIgniter.php(353): CodeIgniter\CodeIgniter->handleRequest(null, Object(Config\Cache), false)
 5 FCPATH/index.php(80): CodeIgniter\CodeIgniter->run()
CRITICAL - 2023-10-10 07:44:15 --> Undefined property: App\Controllers\Banner::$BannerModel
in APPPATH/Controllers/Banner.php on line 85.
 1 APPPATH/Controllers/Banner.php(85): CodeIgniter\Debug\Exceptions->errorHandler(2, 'Undefined property: App\\Controllers\\Banner::$BannerModel', '/opt/lampp/htdocs/codeigniter4/app/Controllers/Banner.php', 85)
 2 SYSTEMPATH/CodeIgniter.php(919): App\Controllers\Banner->storedata()
 3 SYSTEMPATH/CodeIgniter.php(494): CodeIgniter\CodeIgniter->runController(Object(App\Controllers\Banner))
 4 SYSTEMPATH/CodeIgniter.php(353): CodeIgniter\CodeIgniter->handleRequest(null, Object(Config\Cache), false)
 5 FCPATH/index.php(80): CodeIgniter\CodeIgniter->run()
CRITICAL - 2023-10-10 07:46:12 --> Undefined property: App\Controllers\Banner::$BannerModel
in APPPATH/Controllers/Banner.php on line 86.
 1 APPPATH/Controllers/Banner.php(86): CodeIgniter\Debug\Exceptions->errorHandler(2, 'Undefined property: App\\Controllers\\Banner::$BannerModel', '/opt/lampp/htdocs/codeigniter4/app/Controllers/Banner.php', 86)
 2 SYSTEMPATH/CodeIgniter.php(919): App\Controllers\Banner->storedata()
 3 SYSTEMPATH/CodeIgniter.php(494): CodeIgniter\CodeIgniter->runController(Object(App\Controllers\Banner))
 4 SYSTEMPATH/CodeIgniter.php(353): CodeIgniter\CodeIgniter->handleRequest(null, Object(Config\Cache), false)
 5 FCPATH/index.php(80): CodeIgniter\CodeIgniter->run()
CRITICAL - 2023-10-10 07:47:59 --> Undefined property: App\Controllers\Banner::$BannerModel
in APPPATH/Controllers/Banner.php on line 86.
 1 APPPATH/Controllers/Banner.php(86): CodeIgniter\Debug\Exceptions->errorHandler(2, 'Undefined property: App\\Controllers\\Banner::$BannerModel', '/opt/lampp/htdocs/codeigniter4/app/Controllers/Banner.php', 86)
 2 SYSTEMPATH/CodeIgniter.php(919): App\Controllers\Banner->storedata()
 3 SYSTEMPATH/CodeIgniter.php(494): CodeIgniter\CodeIgniter->runController(Object(App\Controllers\Banner))
 4 SYSTEMPATH/CodeIgniter.php(353): CodeIgniter\CodeIgniter->handleRequest(null, Object(Config\Cache), false)
 5 FCPATH/index.php(80): CodeIgniter\CodeIgniter->run()
CRITICAL - 2023-10-10 07:50:01 --> Undefined property: App\Controllers\Banner::$BannerModel
in APPPATH/Controllers/Banner.php on line 86.
 1 APPPATH/Controllers/Banner.php(86): CodeIgniter\Debug\Exceptions->errorHandler(2, 'Undefined property: App\\Controllers\\Banner::$BannerModel', '/opt/lampp/htdocs/codeigniter4/app/Controllers/Banner.php', 86)
 2 SYSTEMPATH/CodeIgniter.php(919): App\Controllers\Banner->storedata()
 3 SYSTEMPATH/CodeIgniter.php(494): CodeIgniter\CodeIgniter->runController(Object(App\Controllers\Banner))
 4 SYSTEMPATH/CodeIgniter.php(353): CodeIgniter\CodeIgniter->handleRequest(null, Object(Config\Cache), false)
 5 FCPATH/index.php(80): CodeIgniter\CodeIgniter->run()
CRITICAL - 2023-10-10 08:06:17 --> Undefined variable $newName
in APPPATH/Controllers/Banner.php on line 87.
 1 APPPATH/Controllers/Banner.php(87): CodeIgniter\Debug\Exceptions->errorHandler(2, 'Undefined variable $newName', '/opt/lampp/htdocs/codeigniter4/app/Controllers/Banner.php', 87)
 2 SYSTEMPATH/CodeIgniter.php(919): App\Controllers\Banner->storedata()
 3 SYSTEMPATH/CodeIgniter.php(494): CodeIgniter\CodeIgniter->runController(Object(App\Controllers\Banner))
 4 SYSTEMPATH/CodeIgniter.php(353): CodeIgniter\CodeIgniter->handleRequest(null, Object(Config\Cache), false)
 5 FCPATH/index.php(80): CodeIgniter\CodeIgniter->run()
CRITICAL - 2023-10-10 08:07:09 --> Undefined variable $newName
in APPPATH/Controllers/Banner.php on line 87.
 1 APPPATH/Controllers/Banner.php(87): CodeIgniter\Debug\Exceptions->errorHandler(2, 'Undefined variable $newName', '/opt/lampp/htdocs/codeigniter4/app/Controllers/Banner.php', 87)
 2 SYSTEMPATH/CodeIgniter.php(919): App\Controllers\Banner->storedata()
 3 SYSTEMPATH/CodeIgniter.php(494): CodeIgniter\CodeIgniter->runController(Object(App\Controllers\Banner))
 4 SYSTEMPATH/CodeIgniter.php(353): CodeIgniter\CodeIgniter->handleRequest(null, Object(Config\Cache), false)
 5 FCPATH/index.php(80): CodeIgniter\CodeIgniter->run()
CRITICAL - 2023-10-10 08:07:19 --> Undefined variable $newName
in APPPATH/Controllers/Banner.php on line 87.
 1 APPPATH/Controllers/Banner.php(87): CodeIgniter\Debug\Exceptions->errorHandler(2, 'Undefined variable $newName', '/opt/lampp/htdocs/codeigniter4/app/Controllers/Banner.php', 87)
 2 SYSTEMPATH/CodeIgniter.php(919): App\Controllers\Banner->storedata()
 3 SYSTEMPATH/CodeIgniter.php(494): CodeIgniter\CodeIgniter->runController(Object(App\Controllers\Banner))
 4 SYSTEMPATH/CodeIgniter.php(353): CodeIgniter\CodeIgniter->handleRequest(null, Object(Config\Cache), false)
 5 FCPATH/index.php(80): CodeIgniter\CodeIgniter->run()
CRITICAL - 2023-10-10 08:08:23 --> Undefined variable $filepath
in APPPATH/Controllers/Banner.php on line 87.
 1 APPPATH/Controllers/Banner.php(87): CodeIgniter\Debug\Exceptions->errorHandler(2, 'Undefined variable $filepath', '/opt/lampp/htdocs/codeigniter4/app/Controllers/Banner.php', 87)
 2 SYSTEMPATH/CodeIgniter.php(919): App\Controllers\Banner->storedata()
 3 SYSTEMPATH/CodeIgniter.php(494): CodeIgniter\CodeIgniter->runController(Object(App\Controllers\Banner))
 4 SYSTEMPATH/CodeIgniter.php(353): CodeIgniter\CodeIgniter->handleRequest(null, Object(Config\Cache), false)
 5 FCPATH/index.php(80): CodeIgniter\CodeIgniter->run()
CRITICAL - 2023-10-10 08:08:59 --> Undefined variable $newName
in APPPATH/Controllers/Banner.php on line 87.
 1 APPPATH/Controllers/Banner.php(87): CodeIgniter\Debug\Exceptions->errorHandler(2, 'Undefined variable $newName', '/opt/lampp/htdocs/codeigniter4/app/Controllers/Banner.php', 87)
 2 SYSTEMPATH/CodeIgniter.php(919): App\Controllers\Banner->storedata()
 3 SYSTEMPATH/CodeIgniter.php(494): CodeIgniter\CodeIgniter->runController(Object(App\Controllers\Banner))
 4 SYSTEMPATH/CodeIgniter.php(353): CodeIgniter\CodeIgniter->handleRequest(null, Object(Config\Cache), false)
 5 FCPATH/index.php(80): CodeIgniter\CodeIgniter->run()
CRITICAL - 2023-10-10 08:11:34 --> Undefined variable $newName
in APPPATH/Controllers/Banner.php on line 87.
 1 APPPATH/Controllers/Banner.php(87): CodeIgniter\Debug\Exceptions->errorHandler(2, 'Undefined variable $newName', '/opt/lampp/htdocs/codeigniter4/app/Controllers/Banner.php', 87)
 2 SYSTEMPATH/CodeIgniter.php(919): App\Controllers\Banner->storedata()
 3 SYSTEMPATH/CodeIgniter.php(494): CodeIgniter\CodeIgniter->runController(Object(App\Controllers\Banner))
 4 SYSTEMPATH/CodeIgniter.php(353): CodeIgniter\CodeIgniter->handleRequest(null, Object(Config\Cache), false)
 5 FCPATH/index.php(80): CodeIgniter\CodeIgniter->run()
CRITICAL - 2023-10-10 08:13:04 --> Undefined variable $newName
in APPPATH/Controllers/Banner.php on line 87.
 1 APPPATH/Controllers/Banner.php(87): CodeIgniter\Debug\Exceptions->errorHandler(2, 'Undefined variable $newName', '/opt/lampp/htdocs/codeigniter4/app/Controllers/Banner.php', 87)
 2 SYSTEMPATH/CodeIgniter.php(919): App\Controllers\Banner->storedata()
 3 SYSTEMPATH/CodeIgniter.php(494): CodeIgniter\CodeIgniter->runController(Object(App\Controllers\Banner))
 4 SYSTEMPATH/CodeIgniter.php(353): CodeIgniter\CodeIgniter->handleRequest(null, Object(Config\Cache), false)
 5 FCPATH/index.php(80): CodeIgniter\CodeIgniter->run()
CRITICAL - 2023-10-10 08:13:17 --> Undefined variable $newName
in APPPATH/Controllers/Banner.php on line 87.
 1 APPPATH/Controllers/Banner.php(87): CodeIgniter\Debug\Exceptions->errorHandler(2, 'Undefined variable $newName', '/opt/lampp/htdocs/codeigniter4/app/Controllers/Banner.php', 87)
 2 SYSTEMPATH/CodeIgniter.php(919): App\Controllers\Banner->storedata()
 3 SYSTEMPATH/CodeIgniter.php(494): CodeIgniter\CodeIgniter->runController(Object(App\Controllers\Banner))
 4 SYSTEMPATH/CodeIgniter.php(353): CodeIgniter\CodeIgniter->handleRequest(null, Object(Config\Cache), false)
 5 FCPATH/index.php(80): CodeIgniter\CodeIgniter->run()
CRITICAL - 2023-10-10 08:15:29 --> Undefined variable $newName
in APPPATH/Controllers/Banner.php on line 87.
 1 APPPATH/Controllers/Banner.php(87): CodeIgniter\Debug\Exceptions->errorHandler(2, 'Undefined variable $newName', '/opt/lampp/htdocs/codeigniter4/app/Controllers/Banner.php', 87)
 2 SYSTEMPATH/CodeIgniter.php(919): App\Controllers\Banner->storedata()
 3 SYSTEMPATH/CodeIgniter.php(494): CodeIgniter\CodeIgniter->runController(Object(App\Controllers\Banner))
 4 SYSTEMPATH/CodeIgniter.php(353): CodeIgniter\CodeIgniter->handleRequest(null, Object(Config\Cache), false)
 5 FCPATH/index.php(80): CodeIgniter\CodeIgniter->run()
CRITICAL - 2023-10-10 08:16:53 --> Undefined variable $newName
in APPPATH/Controllers/Banner.php on line 87.
 1 APPPATH/Controllers/Banner.php(87): CodeIgniter\Debug\Exceptions->errorHandler(2, 'Undefined variable $newName', '/opt/lampp/htdocs/codeigniter4/app/Controllers/Banner.php', 87)
 2 SYSTEMPATH/CodeIgniter.php(919): App\Controllers\Banner->storedata()
 3 SYSTEMPATH/CodeIgniter.php(494): CodeIgniter\CodeIgniter->runController(Object(App\Controllers\Banner))
 4 SYSTEMPATH/CodeIgniter.php(353): CodeIgniter\CodeIgniter->handleRequest(null, Object(Config\Cache), false)
 5 FCPATH/index.php(80): CodeIgniter\CodeIgniter->run()
CRITICAL - 2023-10-10 08:16:58 --> Undefined variable $newName
in APPPATH/Controllers/Banner.php on line 87.
 1 APPPATH/Controllers/Banner.php(87): CodeIgniter\Debug\Exceptions->errorHandler(2, 'Undefined variable $newName', '/opt/lampp/htdocs/codeigniter4/app/Controllers/Banner.php', 87)
 2 SYSTEMPATH/CodeIgniter.php(919): App\Controllers\Banner->storedata()
 3 SYSTEMPATH/CodeIgniter.php(494): CodeIgniter\CodeIgniter->runController(Object(App\Controllers\Banner))
 4 SYSTEMPATH/CodeIgniter.php(353): CodeIgniter\CodeIgniter->handleRequest(null, Object(Config\Cache), false)
 5 FCPATH/index.php(80): CodeIgniter\CodeIgniter->run()
CRITICAL - 2023-10-10 08:18:09 --> Undefined variable $newName
in APPPATH/Controllers/Banner.php on line 87.
 1 APPPATH/Controllers/Banner.php(87): CodeIgniter\Debug\Exceptions->errorHandler(2, 'Undefined variable $newName', '/opt/lampp/htdocs/codeigniter4/app/Controllers/Banner.php', 87)
 2 SYSTEMPATH/CodeIgniter.php(919): App\Controllers\Banner->storedata()
 3 SYSTEMPATH/CodeIgniter.php(494): CodeIgniter\CodeIgniter->runController(Object(App\Controllers\Banner))
 4 SYSTEMPATH/CodeIgniter.php(353): CodeIgniter\CodeIgniter->handleRequest(null, Object(Config\Cache), false)
 5 FCPATH/index.php(80): CodeIgniter\CodeIgniter->run()
CRITICAL - 2023-10-10 08:18:44 --> Undefined variable $newName
in APPPATH/Controllers/Banner.php on line 87.
 1 APPPATH/Controllers/Banner.php(87): CodeIgniter\Debug\Exceptions->errorHandler(2, 'Undefined variable $newName', '/opt/lampp/htdocs/codeigniter4/app/Controllers/Banner.php', 87)
 2 SYSTEMPATH/CodeIgniter.php(919): App\Controllers\Banner->storedata()
 3 SYSTEMPATH/CodeIgniter.php(494): CodeIgniter\CodeIgniter->runController(Object(App\Controllers\Banner))
 4 SYSTEMPATH/CodeIgniter.php(353): CodeIgniter\CodeIgniter->handleRequest(null, Object(Config\Cache), false)
 5 FCPATH/index.php(80): CodeIgniter\CodeIgniter->run()
CRITICAL - 2023-10-10 08:19:05 --> Undefined variable $filepath
in APPPATH/Controllers/Banner.php on line 87.
 1 APPPATH/Controllers/Banner.php(87): CodeIgniter\Debug\Exceptions->errorHandler(2, 'Undefined variable $filepath', '/opt/lampp/htdocs/codeigniter4/app/Controllers/Banner.php', 87)
 2 SYSTEMPATH/CodeIgniter.php(919): App\Controllers\Banner->storedata()
 3 SYSTEMPATH/CodeIgniter.php(494): CodeIgniter\CodeIgniter->runController(Object(App\Controllers\Banner))
 4 SYSTEMPATH/CodeIgniter.php(353): CodeIgniter\CodeIgniter->handleRequest(null, Object(Config\Cache), false)
 5 FCPATH/index.php(80): CodeIgniter\CodeIgniter->run()
CRITICAL - 2023-10-10 08:19:57 --> Undefined variable $filepath
in APPPATH/Controllers/Banner.php on line 87.
 1 APPPATH/Controllers/Banner.php(87): CodeIgniter\Debug\Exceptions->errorHandler(2, 'Undefined variable $filepath', '/opt/lampp/htdocs/codeigniter4/app/Controllers/Banner.php', 87)
 2 SYSTEMPATH/CodeIgniter.php(919): App\Controllers\Banner->storedata()
 3 SYSTEMPATH/CodeIgniter.php(494): CodeIgniter\CodeIgniter->runController(Object(App\Controllers\Banner))
 4 SYSTEMPATH/CodeIgniter.php(353): CodeIgniter\CodeIgniter->handleRequest(null, Object(Config\Cache), false)
 5 FCPATH/index.php(80): CodeIgniter\CodeIgniter->run()
CRITICAL - 2023-10-10 08:21:47 --> Undefined variable $filepath
in APPPATH/Controllers/Banner.php on line 87.
 1 APPPATH/Controllers/Banner.php(87): CodeIgniter\Debug\Exceptions->errorHandler(2, 'Undefined variable $filepath', '/opt/lampp/htdocs/codeigniter4/app/Controllers/Banner.php', 87)
 2 SYSTEMPATH/CodeIgniter.php(919): App\Controllers\Banner->storedata()
 3 SYSTEMPATH/CodeIgniter.php(494): CodeIgniter\CodeIgniter->runController(Object(App\Controllers\Banner))
 4 SYSTEMPATH/CodeIgniter.php(353): CodeIgniter\CodeIgniter->handleRequest(null, Object(Config\Cache), false)
 5 FCPATH/index.php(80): CodeIgniter\CodeIgniter->run()
CRITICAL - 2023-10-10 08:22:15 --> Undefined variable $filepath
in APPPATH/Controllers/Banner.php on line 87.
 1 APPPATH/Controllers/Banner.php(87): CodeIgniter\Debug\Exceptions->errorHandler(2, 'Undefined variable $filepath', '/opt/lampp/htdocs/codeigniter4/app/Controllers/Banner.php', 87)
 2 SYSTEMPATH/CodeIgniter.php(919): App\Controllers\Banner->storedata()
 3 SYSTEMPATH/CodeIgniter.php(494): CodeIgniter\CodeIgniter->runController(Object(App\Controllers\Banner))
 4 SYSTEMPATH/CodeIgniter.php(353): CodeIgniter\CodeIgniter->handleRequest(null, Object(Config\Cache), false)
 5 FCPATH/index.php(80): CodeIgniter\CodeIgniter->run()
CRITICAL - 2023-10-10 08:22:21 --> Undefined variable $filepath
in APPPATH/Controllers/Banner.php on line 87.
 1 APPPATH/Controllers/Banner.php(87): CodeIgniter\Debug\Exceptions->errorHandler(2, 'Undefined variable $filepath', '/opt/lampp/htdocs/codeigniter4/app/Controllers/Banner.php', 87)
 2 SYSTEMPATH/CodeIgniter.php(919): App\Controllers\Banner->storedata()
 3 SYSTEMPATH/CodeIgniter.php(494): CodeIgniter\CodeIgniter->runController(Object(App\Controllers\Banner))
 4 SYSTEMPATH/CodeIgniter.php(353): CodeIgniter\CodeIgniter->handleRequest(null, Object(Config\Cache), false)
 5 FCPATH/index.php(80): CodeIgniter\CodeIgniter->run()
CRITICAL - 2023-10-10 08:22:42 --> Undefined variable $newName
in APPPATH/Controllers/Banner.php on line 87.
 1 APPPATH/Controllers/Banner.php(87): CodeIgniter\Debug\Exceptions->errorHandler(2, 'Undefined variable $newName', '/opt/lampp/htdocs/codeigniter4/app/Controllers/Banner.php', 87)
 2 SYSTEMPATH/CodeIgniter.php(919): App\Controllers\Banner->storedata()
 3 SYSTEMPATH/CodeIgniter.php(494): CodeIgniter\CodeIgniter->runController(Object(App\Controllers\Banner))
 4 SYSTEMPATH/CodeIgniter.php(353): CodeIgniter\CodeIgniter->handleRequest(null, Object(Config\Cache), false)
 5 FCPATH/index.php(80): CodeIgniter\CodeIgniter->run()
CRITICAL - 2023-10-10 08:23:12 --> Undefined property: App\Controllers\Banner::$BannerModel
in APPPATH/Controllers/Banner.php on line 94.
 1 APPPATH/Controllers/Banner.php(94): CodeIgniter\Debug\Exceptions->errorHandler(2, 'Undefined property: App\\Controllers\\Banner::$BannerModel', '/opt/lampp/htdocs/codeigniter4/app/Controllers/Banner.php', 94)
 2 SYSTEMPATH/CodeIgniter.php(919): App\Controllers\Banner->storedata()
 3 SYSTEMPATH/CodeIgniter.php(494): CodeIgniter\CodeIgniter->runController(Object(App\Controllers\Banner))
 4 SYSTEMPATH/CodeIgniter.php(353): CodeIgniter\CodeIgniter->handleRequest(null, Object(Config\Cache), false)
 5 FCPATH/index.php(80): CodeIgniter\CodeIgniter->run()
ERROR - 2023-10-10 08:24:45 --> mysqli_sql_exception: You have an error in your SQL syntax; check the manual that corresponds to your MariaDB server version for the right syntax to use near '1' at line 1 in /opt/lampp/htdocs/codeigniter4/system/Database/MySQLi/Connection.php:306
Stack trace:
#0 /opt/lampp/htdocs/codeigniter4/system/Database/MySQLi/Connection.php(306): mysqli->query('1', 0)
#1 /opt/lampp/htdocs/codeigniter4/system/Database/BaseConnection.php(692): CodeIgniter\Database\MySQLi\Connection->execute('1')
#2 /opt/lampp/htdocs/codeigniter4/system/Database/BaseConnection.php(606): CodeIgniter\Database\BaseConnection->simpleQuery('1')
#3 /opt/lampp/htdocs/codeigniter4/app/Models/BannerModel.php(14): CodeIgniter\Database\BaseConnection->query('1')
#4 /opt/lampp/htdocs/codeigniter4/app/Controllers/Banner.php(94): App\Models\BannerModel->addData(Array)
#5 /opt/lampp/htdocs/codeigniter4/system/CodeIgniter.php(919): App\Controllers\Banner->storedata()
#6 /opt/lampp/htdocs/codeigniter4/system/CodeIgniter.php(494): CodeIgniter\CodeIgniter->runController(Object(App\Controllers\Banner))
#7 /opt/lampp/htdocs/codeigniter4/system/CodeIgniter.php(353): CodeIgniter\CodeIgniter->handleRequest(NULL, Object(Config\Cache), false)
#8 /opt/lampp/htdocs/codeigniter4/index.php(80): CodeIgniter\CodeIgniter->run()
#9 {main}
CRITICAL - 2023-10-10 08:24:45 --> You have an error in your SQL syntax; check the manual that corresponds to your MariaDB server version for the right syntax to use near '1' at line 1
in SYSTEMPATH/Database/BaseConnection.php on line 646.
 1 APPPATH/Models/BannerModel.php(14): CodeIgniter\Database\BaseConnection->query('1')
 2 APPPATH/Controllers/Banner.php(94): App\Models\BannerModel->addData([...])
 3 SYSTEMPATH/CodeIgniter.php(919): App\Controllers\Banner->storedata()
 4 SYSTEMPATH/CodeIgniter.php(494): CodeIgniter\CodeIgniter->runController(Object(App\Controllers\Banner))
 5 SYSTEMPATH/CodeIgniter.php(353): CodeIgniter\CodeIgniter->handleRequest(null, Object(Config\Cache), false)
 6 FCPATH/index.php(80): CodeIgniter\CodeIgniter->run()
INFO - 2023-10-10 08:25:56 --> Session: Class initialized using 'CodeIgniter\Session\Handlers\FileHandler' driver.
INFO - 2023-10-10 08:28:53 --> Session: Class initialized using 'CodeIgniter\Session\Handlers\FileHandler' driver.
INFO - 2023-10-10 08:30:10 --> Session: Class initialized using 'CodeIgniter\Session\Handlers\FileHandler' driver.
INFO - 2023-10-10 14:12:12 --> Session: Class initialized using 'CodeIgniter\Session\Handlers\FileHandler' driver.
CRITICAL - 2023-10-10 15:09:59 --> Undefined variable $route
in APPPATH/Config/Routes.php on line 17.
 1 APPPATH/Config/Routes.php(17): CodeIgniter\Debug\Exceptions->errorHandler(2, 'Undefined variable $route', '/opt/lampp/htdocs/codeigniter4/app/Config/Routes.php', 17)
 2 SYSTEMPATH/Router/RouteCollection.php(339): require('/opt/lampp/htdocs/codeigniter4/app/Config/Routes.php')
 3 SYSTEMPATH/CodeIgniter.php(787): CodeIgniter\Router\RouteCollection->loadRoutes()
 4 SYSTEMPATH/CodeIgniter.php(442): CodeIgniter\CodeIgniter->tryToRouteIt(null)
 5 SYSTEMPATH/CodeIgniter.php(353): CodeIgniter\CodeIgniter->handleRequest(null, Object(Config\Cache), false)
 6 FCPATH/index.php(80): CodeIgniter\CodeIgniter->run()
CRITICAL - 2023-10-10 15:59:35 --> Undefined variable $result
in APPPATH/Views/banners/viewbanner.php on line 43.
 1 APPPATH/Views/banners/viewbanner.php(43): CodeIgniter\Debug\Exceptions->errorHandler(2, 'Undefined variable $result', '/opt/lampp/htdocs/codeigniter4/app/Views/banners/viewbanner.php', 43)
 2 SYSTEMPATH/View/View.php(226): include('/opt/lampp/htdocs/codeigniter4/app/Views/banners/viewbanner.php')
 3 SYSTEMPATH/View/View.php(229): CodeIgniter\View\View->CodeIgniter\View\{closure}()
 4 SYSTEMPATH/Common.php(1188): CodeIgniter\View\View->render('banners/viewbanner', [], true)
 5 APPPATH/Controllers/Banner.php(62): view('banners/viewbanner')
 6 SYSTEMPATH/CodeIgniter.php(919): App\Controllers\Banner->viewData()
 7 SYSTEMPATH/CodeIgniter.php(494): CodeIgniter\CodeIgniter->runController(Object(App\Controllers\Banner))
 8 SYSTEMPATH/CodeIgniter.php(353): CodeIgniter\CodeIgniter->handleRequest(null, Object(Config\Cache), false)
 9 FCPATH/index.php(80): CodeIgniter\CodeIgniter->run()
CRITICAL - 2023-10-10 16:00:56 --> Undefined variable $datas
in APPPATH/Views/banners/viewbanner.php on line 43.
 1 APPPATH/Views/banners/viewbanner.php(43): CodeIgniter\Debug\Exceptions->errorHandler(2, 'Undefined variable $datas', '/opt/lampp/htdocs/codeigniter4/app/Views/banners/viewbanner.php', 43)
 2 SYSTEMPATH/View/View.php(226): include('/opt/lampp/htdocs/codeigniter4/app/Views/banners/viewbanner.php')
 3 SYSTEMPATH/View/View.php(229): CodeIgniter\View\View->CodeIgniter\View\{closure}()
 4 SYSTEMPATH/Common.php(1188): CodeIgniter\View\View->render('banners/viewbanner', [], true)
 5 APPPATH/Controllers/Banner.php(62): view('banners/viewbanner')
 6 SYSTEMPATH/CodeIgniter.php(919): App\Controllers\Banner->viewData()
 7 SYSTEMPATH/CodeIgniter.php(494): CodeIgniter\CodeIgniter->runController(Object(App\Controllers\Banner))
 8 SYSTEMPATH/CodeIgniter.php(353): CodeIgniter\CodeIgniter->handleRequest(null, Object(Config\Cache), false)
 9 FCPATH/index.php(80): CodeIgniter\CodeIgniter->run()
CRITICAL - 2023-10-10 16:01:01 --> Undefined variable $datas
in APPPATH/Views/banners/viewbanner.php on line 43.
 1 APPPATH/Views/banners/viewbanner.php(43): CodeIgniter\Debug\Exceptions->errorHandler(2, 'Undefined variable $datas', '/opt/lampp/htdocs/codeigniter4/app/Views/banners/viewbanner.php', 43)
 2 SYSTEMPATH/View/View.php(226): include('/opt/lampp/htdocs/codeigniter4/app/Views/banners/viewbanner.php')
 3 SYSTEMPATH/View/View.php(229): CodeIgniter\View\View->CodeIgniter\View\{closure}()
 4 SYSTEMPATH/Common.php(1188): CodeIgniter\View\View->render('banners/viewbanner', [], true)
 5 APPPATH/Controllers/Banner.php(62): view('banners/viewbanner')
 6 SYSTEMPATH/CodeIgniter.php(919): App\Controllers\Banner->viewData()
 7 SYSTEMPATH/CodeIgniter.php(494): CodeIgniter\CodeIgniter->runController(Object(App\Controllers\Banner))
 8 SYSTEMPATH/CodeIgniter.php(353): CodeIgniter\CodeIgniter->handleRequest(null, Object(Config\Cache), false)
 9 FCPATH/index.php(80): CodeIgniter\CodeIgniter->run()
CRITICAL - 2023-10-10 16:01:17 --> Undefined variable $data
in APPPATH/Views/banners/viewbanner.php on line 43.
 1 APPPATH/Views/banners/viewbanner.php(43): CodeIgniter\Debug\Exceptions->errorHandler(2, 'Undefined variable $data', '/opt/lampp/htdocs/codeigniter4/app/Views/banners/viewbanner.php', 43)
 2 SYSTEMPATH/View/View.php(226): include('/opt/lampp/htdocs/codeigniter4/app/Views/banners/viewbanner.php')
 3 SYSTEMPATH/View/View.php(229): CodeIgniter\View\View->CodeIgniter\View\{closure}()
 4 SYSTEMPATH/Common.php(1188): CodeIgniter\View\View->render('banners/viewbanner', [], true)
 5 APPPATH/Controllers/Banner.php(62): view('banners/viewbanner')
 6 SYSTEMPATH/CodeIgniter.php(919): App\Controllers\Banner->viewData()
 7 SYSTEMPATH/CodeIgniter.php(494): CodeIgniter\CodeIgniter->runController(Object(App\Controllers\Banner))
 8 SYSTEMPATH/CodeIgniter.php(353): CodeIgniter\CodeIgniter->handleRequest(null, Object(Config\Cache), false)
 9 FCPATH/index.php(80): CodeIgniter\CodeIgniter->run()
CRITICAL - 2023-10-10 16:01:18 --> Undefined variable $data
in APPPATH/Views/banners/viewbanner.php on line 43.
 1 APPPATH/Views/banners/viewbanner.php(43): CodeIgniter\Debug\Exceptions->errorHandler(2, 'Undefined variable $data', '/opt/lampp/htdocs/codeigniter4/app/Views/banners/viewbanner.php', 43)
 2 SYSTEMPATH/View/View.php(226): include('/opt/lampp/htdocs/codeigniter4/app/Views/banners/viewbanner.php')
 3 SYSTEMPATH/View/View.php(229): CodeIgniter\View\View->CodeIgniter\View\{closure}()
 4 SYSTEMPATH/Common.php(1188): CodeIgniter\View\View->render('banners/viewbanner', [], true)
 5 APPPATH/Controllers/Banner.php(62): view('banners/viewbanner')
 6 SYSTEMPATH/CodeIgniter.php(919): App\Controllers\Banner->viewData()
 7 SYSTEMPATH/CodeIgniter.php(494): CodeIgniter\CodeIgniter->runController(Object(App\Controllers\Banner))
 8 SYSTEMPATH/CodeIgniter.php(353): CodeIgniter\CodeIgniter->handleRequest(null, Object(Config\Cache), false)
 9 FCPATH/index.php(80): CodeIgniter\CodeIgniter->run()
CRITICAL - 2023-10-10 16:01:18 --> Undefined variable $data
in APPPATH/Views/banners/viewbanner.php on line 43.
 1 APPPATH/Views/banners/viewbanner.php(43): CodeIgniter\Debug\Exceptions->errorHandler(2, 'Undefined variable $data', '/opt/lampp/htdocs/codeigniter4/app/Views/banners/viewbanner.php', 43)
 2 SYSTEMPATH/View/View.php(226): include('/opt/lampp/htdocs/codeigniter4/app/Views/banners/viewbanner.php')
 3 SYSTEMPATH/View/View.php(229): CodeIgniter\View\View->CodeIgniter\View\{closure}()
 4 SYSTEMPATH/Common.php(1188): CodeIgniter\View\View->render('banners/viewbanner', [], true)
 5 APPPATH/Controllers/Banner.php(62): view('banners/viewbanner')
 6 SYSTEMPATH/CodeIgniter.php(919): App\Controllers\Banner->viewData()
 7 SYSTEMPATH/CodeIgniter.php(494): CodeIgniter\CodeIgniter->runController(Object(App\Controllers\Banner))
 8 SYSTEMPATH/CodeIgniter.php(353): CodeIgniter\CodeIgniter->handleRequest(null, Object(Config\Cache), false)
 9 FCPATH/index.php(80): CodeIgniter\CodeIgniter->run()
CRITICAL - 2023-10-10 16:01:19 --> Undefined variable $data
in APPPATH/Views/banners/viewbanner.php on line 43.
 1 APPPATH/Views/banners/viewbanner.php(43): CodeIgniter\Debug\Exceptions->errorHandler(2, 'Undefined variable $data', '/opt/lampp/htdocs/codeigniter4/app/Views/banners/viewbanner.php', 43)
 2 SYSTEMPATH/View/View.php(226): include('/opt/lampp/htdocs/codeigniter4/app/Views/banners/viewbanner.php')
 3 SYSTEMPATH/View/View.php(229): CodeIgniter\View\View->CodeIgniter\View\{closure}()
 4 SYSTEMPATH/Common.php(1188): CodeIgniter\View\View->render('banners/viewbanner', [], true)
 5 APPPATH/Controllers/Banner.php(62): view('banners/viewbanner')
 6 SYSTEMPATH/CodeIgniter.php(919): App\Controllers\Banner->viewData()
 7 SYSTEMPATH/CodeIgniter.php(494): CodeIgniter\CodeIgniter->runController(Object(App\Controllers\Banner))
 8 SYSTEMPATH/CodeIgniter.php(353): CodeIgniter\CodeIgniter->handleRequest(null, Object(Config\Cache), false)
 9 FCPATH/index.php(80): CodeIgniter\CodeIgniter->run()
CRITICAL - 2023-10-10 16:01:19 --> Undefined variable $data
in APPPATH/Views/banners/viewbanner.php on line 43.
 1 APPPATH/Views/banners/viewbanner.php(43): CodeIgniter\Debug\Exceptions->errorHandler(2, 'Undefined variable $data', '/opt/lampp/htdocs/codeigniter4/app/Views/banners/viewbanner.php', 43)
 2 SYSTEMPATH/View/View.php(226): include('/opt/lampp/htdocs/codeigniter4/app/Views/banners/viewbanner.php')
 3 SYSTEMPATH/View/View.php(229): CodeIgniter\View\View->CodeIgniter\View\{closure}()
 4 SYSTEMPATH/Common.php(1188): CodeIgniter\View\View->render('banners/viewbanner', [], true)
 5 APPPATH/Controllers/Banner.php(62): view('banners/viewbanner')
 6 SYSTEMPATH/CodeIgniter.php(919): App\Controllers\Banner->viewData()
 7 SYSTEMPATH/CodeIgniter.php(494): CodeIgniter\CodeIgniter->runController(Object(App\Controllers\Banner))
 8 SYSTEMPATH/CodeIgniter.php(353): CodeIgniter\CodeIgniter->handleRequest(null, Object(Config\Cache), false)
 9 FCPATH/index.php(80): CodeIgniter\CodeIgniter->run()
CRITICAL - 2023-10-10 16:11:32 --> Undefined variable $datas
in APPPATH/Views/banners/viewbanner.php on line 43.
 1 APPPATH/Views/banners/viewbanner.php(43): CodeIgniter\Debug\Exceptions->errorHandler(2, 'Undefined variable $datas', '/opt/lampp/htdocs/codeigniter4/app/Views/banners/viewbanner.php', 43)
 2 SYSTEMPATH/View/View.php(226): include('/opt/lampp/htdocs/codeigniter4/app/Views/banners/viewbanner.php')
 3 SYSTEMPATH/View/View.php(229): CodeIgniter\View\View->CodeIgniter\View\{closure}()
 4 SYSTEMPATH/Common.php(1188): CodeIgniter\View\View->render('banners/viewbanner', [], true)
 5 APPPATH/Controllers/Banner.php(62): view('banners/viewbanner')
 6 SYSTEMPATH/CodeIgniter.php(919): App\Controllers\Banner->viewData()
 7 SYSTEMPATH/CodeIgniter.php(494): CodeIgniter\CodeIgniter->runController(Object(App\Controllers\Banner))
 8 SYSTEMPATH/CodeIgniter.php(353): CodeIgniter\CodeIgniter->handleRequest(null, Object(Config\Cache), false)
 9 FCPATH/index.php(80): CodeIgniter\CodeIgniter->run()
CRITICAL - 2023-10-10 16:11:38 --> Invalid file: "banners/addbanner.php"
in SYSTEMPATH/Exceptions/FrameworkException.php on line 39.
 1 SYSTEMPATH/View/View.php(214): CodeIgniter\Exceptions\FrameworkException::forInvalidFile('banners/addbanner.php')
 2 SYSTEMPATH/Common.php(1188): CodeIgniter\View\View->render('banners/addbanner', [], true)
 3 APPPATH/Controllers/Banner.php(10): view('banners/addbanner')
 4 SYSTEMPATH/CodeIgniter.php(919): App\Controllers\Banner->create()
 5 SYSTEMPATH/CodeIgniter.php(494): CodeIgniter\CodeIgniter->runController(Object(App\Controllers\Banner))
 6 SYSTEMPATH/CodeIgniter.php(353): CodeIgniter\CodeIgniter->handleRequest(null, Object(Config\Cache), false)
 7 FCPATH/index.php(80): CodeIgniter\CodeIgniter->run()
CRITICAL - 2023-10-10 16:12:23 --> Undefined variable $datas
in APPPATH/Views/banners/viewbanner.php on line 43.
 1 APPPATH/Views/banners/viewbanner.php(43): CodeIgniter\Debug\Exceptions->errorHandler(2, 'Undefined variable $datas', '/opt/lampp/htdocs/codeigniter4/app/Views/banners/viewbanner.php', 43)
 2 SYSTEMPATH/View/View.php(226): include('/opt/lampp/htdocs/codeigniter4/app/Views/banners/viewbanner.php')
 3 SYSTEMPATH/View/View.php(229): CodeIgniter\View\View->CodeIgniter\View\{closure}()
 4 SYSTEMPATH/Common.php(1188): CodeIgniter\View\View->render('banners/viewbanner', [], true)
 5 APPPATH/Controllers/Banner.php(62): view('banners/viewbanner')
 6 SYSTEMPATH/CodeIgniter.php(919): App\Controllers\Banner->viewData()
 7 SYSTEMPATH/CodeIgniter.php(494): CodeIgniter\CodeIgniter->runController(Object(App\Controllers\Banner))
 8 SYSTEMPATH/CodeIgniter.php(353): CodeIgniter\CodeIgniter->handleRequest(null, Object(Config\Cache), false)
 9 FCPATH/index.php(80): CodeIgniter\CodeIgniter->run()
CRITICAL - 2023-10-10 16:13:10 --> Too few arguments to function App\Models\BannerModel::getData(), 0 passed in /opt/lampp/htdocs/codeigniter4/app/Controllers/Banner.php on line 61 and exactly 1 expected
in APPPATH/Models/BannerModel.php on line 18.
 1 APPPATH/Controllers/Banner.php(61): App\Models\BannerModel->getData()
 2 SYSTEMPATH/CodeIgniter.php(919): App\Controllers\Banner->viewData()
 3 SYSTEMPATH/CodeIgniter.php(494): CodeIgniter\CodeIgniter->runController(Object(App\Controllers\Banner))
 4 SYSTEMPATH/CodeIgniter.php(353): CodeIgniter\CodeIgniter->handleRequest(null, Object(Config\Cache), false)
 5 FCPATH/index.php(80): CodeIgniter\CodeIgniter->run()
CRITICAL - 2023-10-10 16:13:38 --> Undefined variable $datas
in APPPATH/Views/banners/viewbanner.php on line 43.
 1 APPPATH/Views/banners/viewbanner.php(43): CodeIgniter\Debug\Exceptions->errorHandler(2, 'Undefined variable $datas', '/opt/lampp/htdocs/codeigniter4/app/Views/banners/viewbanner.php', 43)
 2 SYSTEMPATH/View/View.php(226): include('/opt/lampp/htdocs/codeigniter4/app/Views/banners/viewbanner.php')
 3 SYSTEMPATH/View/View.php(229): CodeIgniter\View\View->CodeIgniter\View\{closure}()
 4 SYSTEMPATH/Common.php(1188): CodeIgniter\View\View->render('banners/viewbanner', [], true)
 5 APPPATH/Controllers/Banner.php(62): view('banners/viewbanner')
 6 SYSTEMPATH/CodeIgniter.php(919): App\Controllers\Banner->viewData()
 7 SYSTEMPATH/CodeIgniter.php(494): CodeIgniter\CodeIgniter->runController(Object(App\Controllers\Banner))
 8 SYSTEMPATH/CodeIgniter.php(353): CodeIgniter\CodeIgniter->handleRequest(null, Object(Config\Cache), false)
 9 FCPATH/index.php(80): CodeIgniter\CodeIgniter->run()
CRITICAL - 2023-10-10 16:13:49 --> Undefined variable $data
in APPPATH/Views/banners/viewbanner.php on line 43.
 1 APPPATH/Views/banners/viewbanner.php(43): CodeIgniter\Debug\Exceptions->errorHandler(2, 'Undefined variable $data', '/opt/lampp/htdocs/codeigniter4/app/Views/banners/viewbanner.php', 43)
 2 SYSTEMPATH/View/View.php(226): include('/opt/lampp/htdocs/codeigniter4/app/Views/banners/viewbanner.php')
 3 SYSTEMPATH/View/View.php(229): CodeIgniter\View\View->CodeIgniter\View\{closure}()
 4 SYSTEMPATH/Common.php(1188): CodeIgniter\View\View->render('banners/viewbanner', [], true)
 5 APPPATH/Controllers/Banner.php(62): view('banners/viewbanner')
 6 SYSTEMPATH/CodeIgniter.php(919): App\Controllers\Banner->viewData()
 7 SYSTEMPATH/CodeIgniter.php(494): CodeIgniter\CodeIgniter->runController(Object(App\Controllers\Banner))
 8 SYSTEMPATH/CodeIgniter.php(353): CodeIgniter\CodeIgniter->handleRequest(null, Object(Config\Cache), false)
 9 FCPATH/index.php(80): CodeIgniter\CodeIgniter->run()
CRITICAL - 2023-10-10 16:13:50 --> Undefined variable $data
in APPPATH/Views/banners/viewbanner.php on line 43.
 1 APPPATH/Views/banners/viewbanner.php(43): CodeIgniter\Debug\Exceptions->errorHandler(2, 'Undefined variable $data', '/opt/lampp/htdocs/codeigniter4/app/Views/banners/viewbanner.php', 43)
 2 SYSTEMPATH/View/View.php(226): include('/opt/lampp/htdocs/codeigniter4/app/Views/banners/viewbanner.php')
 3 SYSTEMPATH/View/View.php(229): CodeIgniter\View\View->CodeIgniter\View\{closure}()
 4 SYSTEMPATH/Common.php(1188): CodeIgniter\View\View->render('banners/viewbanner', [], true)
 5 APPPATH/Controllers/Banner.php(62): view('banners/viewbanner')
 6 SYSTEMPATH/CodeIgniter.php(919): App\Controllers\Banner->viewData()
 7 SYSTEMPATH/CodeIgniter.php(494): CodeIgniter\CodeIgniter->runController(Object(App\Controllers\Banner))
 8 SYSTEMPATH/CodeIgniter.php(353): CodeIgniter\CodeIgniter->handleRequest(null, Object(Config\Cache), false)
 9 FCPATH/index.php(80): CodeIgniter\CodeIgniter->run()
CRITICAL - 2023-10-10 16:13:50 --> Undefined variable $data
in APPPATH/Views/banners/viewbanner.php on line 43.
 1 APPPATH/Views/banners/viewbanner.php(43): CodeIgniter\Debug\Exceptions->errorHandler(2, 'Undefined variable $data', '/opt/lampp/htdocs/codeigniter4/app/Views/banners/viewbanner.php', 43)
 2 SYSTEMPATH/View/View.php(226): include('/opt/lampp/htdocs/codeigniter4/app/Views/banners/viewbanner.php')
 3 SYSTEMPATH/View/View.php(229): CodeIgniter\View\View->CodeIgniter\View\{closure}()
 4 SYSTEMPATH/Common.php(1188): CodeIgniter\View\View->render('banners/viewbanner', [], true)
 5 APPPATH/Controllers/Banner.php(62): view('banners/viewbanner')
 6 SYSTEMPATH/CodeIgniter.php(919): App\Controllers\Banner->viewData()
 7 SYSTEMPATH/CodeIgniter.php(494): CodeIgniter\CodeIgniter->runController(Object(App\Controllers\Banner))
 8 SYSTEMPATH/CodeIgniter.php(353): CodeIgniter\CodeIgniter->handleRequest(null, Object(Config\Cache), false)
 9 FCPATH/index.php(80): CodeIgniter\CodeIgniter->run()
CRITICAL - 2023-10-10 16:13:51 --> Undefined variable $data
in APPPATH/Views/banners/viewbanner.php on line 43.
 1 APPPATH/Views/banners/viewbanner.php(43): CodeIgniter\Debug\Exceptions->errorHandler(2, 'Undefined variable $data', '/opt/lampp/htdocs/codeigniter4/app/Views/banners/viewbanner.php', 43)
 2 SYSTEMPATH/View/View.php(226): include('/opt/lampp/htdocs/codeigniter4/app/Views/banners/viewbanner.php')
 3 SYSTEMPATH/View/View.php(229): CodeIgniter\View\View->CodeIgniter\View\{closure}()
 4 SYSTEMPATH/Common.php(1188): CodeIgniter\View\View->render('banners/viewbanner', [], true)
 5 APPPATH/Controllers/Banner.php(62): view('banners/viewbanner')
 6 SYSTEMPATH/CodeIgniter.php(919): App\Controllers\Banner->viewData()
 7 SYSTEMPATH/CodeIgniter.php(494): CodeIgniter\CodeIgniter->runController(Object(App\Controllers\Banner))
 8 SYSTEMPATH/CodeIgniter.php(353): CodeIgniter\CodeIgniter->handleRequest(null, Object(Config\Cache), false)
 9 FCPATH/index.php(80): CodeIgniter\CodeIgniter->run()
CRITICAL - 2023-10-10 16:14:24 --> Cannot use object of type stdClass as array
in APPPATH/Views/banners/viewbanner.php on line 46.
 1 SYSTEMPATH/View/View.php(226): include()
 2 SYSTEMPATH/View/View.php(229): CodeIgniter\View\View->CodeIgniter\View\{closure}()
 3 SYSTEMPATH/Common.php(1188): CodeIgniter\View\View->render('banners/viewbanner', [], true)
 4 APPPATH/Controllers/Banner.php(62): view('banners/viewbanner', [...])
 5 SYSTEMPATH/CodeIgniter.php(919): App\Controllers\Banner->viewData()
 6 SYSTEMPATH/CodeIgniter.php(494): CodeIgniter\CodeIgniter->runController(Object(App\Controllers\Banner))
 7 SYSTEMPATH/CodeIgniter.php(353): CodeIgniter\CodeIgniter->handleRequest(null, Object(Config\Cache), false)
 8 FCPATH/index.php(80): CodeIgniter\CodeIgniter->run()
CRITICAL - 2023-10-10 16:14:31 --> Cannot use object of type stdClass as array
in APPPATH/Views/banners/viewbanner.php on line 46.
 1 SYSTEMPATH/View/View.php(226): include()
 2 SYSTEMPATH/View/View.php(229): CodeIgniter\View\View->CodeIgniter\View\{closure}()
 3 SYSTEMPATH/Common.php(1188): CodeIgniter\View\View->render('banners/viewbanner', [], true)
 4 APPPATH/Controllers/Banner.php(62): view('banners/viewbanner', [...])
 5 SYSTEMPATH/CodeIgniter.php(919): App\Controllers\Banner->viewData()
 6 SYSTEMPATH/CodeIgniter.php(494): CodeIgniter\CodeIgniter->runController(Object(App\Controllers\Banner))
 7 SYSTEMPATH/CodeIgniter.php(353): CodeIgniter\CodeIgniter->handleRequest(null, Object(Config\Cache), false)
 8 FCPATH/index.php(80): CodeIgniter\CodeIgniter->run()
CRITICAL - 2023-10-10 16:14:33 --> Cannot use object of type stdClass as array
in APPPATH/Views/banners/viewbanner.php on line 46.
 1 SYSTEMPATH/View/View.php(226): include()
 2 SYSTEMPATH/View/View.php(229): CodeIgniter\View\View->CodeIgniter\View\{closure}()
 3 SYSTEMPATH/Common.php(1188): CodeIgniter\View\View->render('banners/viewbanner', [], true)
 4 APPPATH/Controllers/Banner.php(62): view('banners/viewbanner', [...])
 5 SYSTEMPATH/CodeIgniter.php(919): App\Controllers\Banner->viewData()
 6 SYSTEMPATH/CodeIgniter.php(494): CodeIgniter\CodeIgniter->runController(Object(App\Controllers\Banner))
 7 SYSTEMPATH/CodeIgniter.php(353): CodeIgniter\CodeIgniter->handleRequest(null, Object(Config\Cache), false)
 8 FCPATH/index.php(80): CodeIgniter\CodeIgniter->run()
CRITICAL - 2023-10-10 16:24:43 --> Undefined variable $data
in APPPATH/Views/banners/viewbanner.php on line 43.
 1 APPPATH/Views/banners/viewbanner.php(43): CodeIgniter\Debug\Exceptions->errorHandler(2, 'Undefined variable $data', '/opt/lampp/htdocs/codeigniter4/app/Views/banners/viewbanner.php', 43)
 2 SYSTEMPATH/View/View.php(226): include('/opt/lampp/htdocs/codeigniter4/app/Views/banners/viewbanner.php')
 3 SYSTEMPATH/View/View.php(229): CodeIgniter\View\View->CodeIgniter\View\{closure}()
 4 SYSTEMPATH/Common.php(1188): CodeIgniter\View\View->render('banners/viewbanner', [], true)
 5 APPPATH/Controllers/Banner.php(62): view('banners/viewbanner', [...])
 6 SYSTEMPATH/CodeIgniter.php(919): App\Controllers\Banner->viewData()
 7 SYSTEMPATH/CodeIgniter.php(494): CodeIgniter\CodeIgniter->runController(Object(App\Controllers\Banner))
 8 SYSTEMPATH/CodeIgniter.php(353): CodeIgniter\CodeIgniter->handleRequest(null, Object(Config\Cache), false)
 9 FCPATH/index.php(80): CodeIgniter\CodeIgniter->run()
CRITICAL - 2023-10-10 16:24:45 --> Undefined variable $data
in APPPATH/Views/banners/viewbanner.php on line 43.
 1 APPPATH/Views/banners/viewbanner.php(43): CodeIgniter\Debug\Exceptions->errorHandler(2, 'Undefined variable $data', '/opt/lampp/htdocs/codeigniter4/app/Views/banners/viewbanner.php', 43)
 2 SYSTEMPATH/View/View.php(226): include('/opt/lampp/htdocs/codeigniter4/app/Views/banners/viewbanner.php')
 3 SYSTEMPATH/View/View.php(229): CodeIgniter\View\View->CodeIgniter\View\{closure}()
 4 SYSTEMPATH/Common.php(1188): CodeIgniter\View\View->render('banners/viewbanner', [], true)
 5 APPPATH/Controllers/Banner.php(62): view('banners/viewbanner', [...])
 6 SYSTEMPATH/CodeIgniter.php(919): App\Controllers\Banner->viewData()
 7 SYSTEMPATH/CodeIgniter.php(494): CodeIgniter\CodeIgniter->runController(Object(App\Controllers\Banner))
 8 SYSTEMPATH/CodeIgniter.php(353): CodeIgniter\CodeIgniter->handleRequest(null, Object(Config\Cache), false)
 9 FCPATH/index.php(80): CodeIgniter\CodeIgniter->run()
CRITICAL - 2023-10-10 16:24:46 --> Undefined variable $data
in APPPATH/Views/banners/viewbanner.php on line 43.
 1 APPPATH/Views/banners/viewbanner.php(43): CodeIgniter\Debug\Exceptions->errorHandler(2, 'Undefined variable $data', '/opt/lampp/htdocs/codeigniter4/app/Views/banners/viewbanner.php', 43)
 2 SYSTEMPATH/View/View.php(226): include('/opt/lampp/htdocs/codeigniter4/app/Views/banners/viewbanner.php')
 3 SYSTEMPATH/View/View.php(229): CodeIgniter\View\View->CodeIgniter\View\{closure}()
 4 SYSTEMPATH/Common.php(1188): CodeIgniter\View\View->render('banners/viewbanner', [], true)
 5 APPPATH/Controllers/Banner.php(62): view('banners/viewbanner', [...])
 6 SYSTEMPATH/CodeIgniter.php(919): App\Controllers\Banner->viewData()
 7 SYSTEMPATH/CodeIgniter.php(494): CodeIgniter\CodeIgniter->runController(Object(App\Controllers\Banner))
 8 SYSTEMPATH/CodeIgniter.php(353): CodeIgniter\CodeIgniter->handleRequest(null, Object(Config\Cache), false)
 9 FCPATH/index.php(80): CodeIgniter\CodeIgniter->run()
CRITICAL - 2023-10-10 16:24:47 --> Undefined variable $data
in APPPATH/Views/banners/viewbanner.php on line 43.
 1 APPPATH/Views/banners/viewbanner.php(43): CodeIgniter\Debug\Exceptions->errorHandler(2, 'Undefined variable $data', '/opt/lampp/htdocs/codeigniter4/app/Views/banners/viewbanner.php', 43)
 2 SYSTEMPATH/View/View.php(226): include('/opt/lampp/htdocs/codeigniter4/app/Views/banners/viewbanner.php')
 3 SYSTEMPATH/View/View.php(229): CodeIgniter\View\View->CodeIgniter\View\{closure}()
 4 SYSTEMPATH/Common.php(1188): CodeIgniter\View\View->render('banners/viewbanner', [], true)
 5 APPPATH/Controllers/Banner.php(62): view('banners/viewbanner', [...])
 6 SYSTEMPATH/CodeIgniter.php(919): App\Controllers\Banner->viewData()
 7 SYSTEMPATH/CodeIgniter.php(494): CodeIgniter\CodeIgniter->runController(Object(App\Controllers\Banner))
 8 SYSTEMPATH/CodeIgniter.php(353): CodeIgniter\CodeIgniter->handleRequest(null, Object(Config\Cache), false)
 9 FCPATH/index.php(80): CodeIgniter\CodeIgniter->run()
CRITICAL - 2023-10-10 16:25:06 --> Cannot use object of type stdClass as array
in APPPATH/Views/banners/viewbanner.php on line 46.
 1 SYSTEMPATH/View/View.php(226): include()
 2 SYSTEMPATH/View/View.php(229): CodeIgniter\View\View->CodeIgniter\View\{closure}()
 3 SYSTEMPATH/Common.php(1188): CodeIgniter\View\View->render('banners/viewbanner', [], true)
 4 APPPATH/Controllers/Banner.php(62): view('banners/viewbanner', [...])
 5 SYSTEMPATH/CodeIgniter.php(919): App\Controllers\Banner->viewData()
 6 SYSTEMPATH/CodeIgniter.php(494): CodeIgniter\CodeIgniter->runController(Object(App\Controllers\Banner))
 7 SYSTEMPATH/CodeIgniter.php(353): CodeIgniter\CodeIgniter->handleRequest(null, Object(Config\Cache), false)
 8 FCPATH/index.php(80): CodeIgniter\CodeIgniter->run()
CRITICAL - 2023-10-10 16:27:50 --> Cannot use object of type stdClass as array
in APPPATH/Views/banners/viewbanner.php on line 47.
 1 SYSTEMPATH/View/View.php(226): include()
 2 SYSTEMPATH/View/View.php(229): CodeIgniter\View\View->CodeIgniter\View\{closure}()
 3 SYSTEMPATH/Common.php(1188): CodeIgniter\View\View->render('banners/viewbanner', [], true)
 4 APPPATH/Controllers/Banner.php(62): view('banners/viewbanner', [...])
 5 SYSTEMPATH/CodeIgniter.php(919): App\Controllers\Banner->viewData()
 6 SYSTEMPATH/CodeIgniter.php(494): CodeIgniter\CodeIgniter->runController(Object(App\Controllers\Banner))
 7 SYSTEMPATH/CodeIgniter.php(353): CodeIgniter\CodeIgniter->handleRequest(null, Object(Config\Cache), false)
 8 FCPATH/index.php(80): CodeIgniter\CodeIgniter->run()
INFO - 2023-10-10 17:17:15 --> Session: Class initialized using 'CodeIgniter\Session\Handlers\FileHandler' driver.
CRITICAL - 2023-10-10 17:46:22 --> Too few arguments to function App\Controllers\Banner::editData(), 0 passed in /opt/lampp/htdocs/codeigniter4/system/CodeIgniter.php on line 919 and exactly 1 expected
in APPPATH/Controllers/Banner.php on line 65.
 1 SYSTEMPATH/CodeIgniter.php(919): App\Controllers\Banner->editData()
 2 SYSTEMPATH/CodeIgniter.php(494): CodeIgniter\CodeIgniter->runController(Object(App\Controllers\Banner))
 3 SYSTEMPATH/CodeIgniter.php(353): CodeIgniter\CodeIgniter->handleRequest(null, Object(Config\Cache), false)
 4 FCPATH/index.php(80): CodeIgniter\CodeIgniter->run()
CRITICAL - 2023-10-10 18:19:13 --> Undefined variable $data
in APPPATH/Views/banners/editbanner.php on line 35.
 1 APPPATH/Views/banners/editbanner.php(35): CodeIgniter\Debug\Exceptions->errorHandler(2, 'Undefined variable $data', '/opt/lampp/htdocs/codeigniter4/app/Views/banners/editbanner.php', 35)
 2 SYSTEMPATH/View/View.php(226): include('/opt/lampp/htdocs/codeigniter4/app/Views/banners/editbanner.php')
 3 SYSTEMPATH/View/View.php(229): CodeIgniter\View\View->CodeIgniter\View\{closure}()
 4 SYSTEMPATH/Common.php(1188): CodeIgniter\View\View->render('banners/editbanner', [], true)
 5 APPPATH/Controllers/Banner.php(68): view('banners/editbanner')
 6 SYSTEMPATH/CodeIgniter.php(919): App\Controllers\Banner->editData('4')
 7 SYSTEMPATH/CodeIgniter.php(494): CodeIgniter\CodeIgniter->runController(Object(App\Controllers\Banner))
 8 SYSTEMPATH/CodeIgniter.php(353): CodeIgniter\CodeIgniter->handleRequest(null, Object(Config\Cache), false)
 9 FCPATH/index.php(80): CodeIgniter\CodeIgniter->run()
CRITICAL - 2023-10-10 18:37:13 --> Undefined variable $row
in APPPATH/Views/banners/editbanner.php on line 49.
 1 APPPATH/Views/banners/editbanner.php(49): CodeIgniter\Debug\Exceptions->errorHandler(2, 'Undefined variable $row', '/opt/lampp/htdocs/codeigniter4/app/Views/banners/editbanner.php', 49)
 2 SYSTEMPATH/View/View.php(226): include('/opt/lampp/htdocs/codeigniter4/app/Views/banners/editbanner.php')
 3 SYSTEMPATH/View/View.php(229): CodeIgniter\View\View->CodeIgniter\View\{closure}()
 4 SYSTEMPATH/Common.php(1188): CodeIgniter\View\View->render('banners/editbanner', [], true)
 5 APPPATH/Controllers/Banner.php(68): view('banners/editbanner', [...])
 6 SYSTEMPATH/CodeIgniter.php(919): App\Controllers\Banner->editData('4')
 7 SYSTEMPATH/CodeIgniter.php(494): CodeIgniter\CodeIgniter->runController(Object(App\Controllers\Banner))
 8 SYSTEMPATH/CodeIgniter.php(353): CodeIgniter\CodeIgniter->handleRequest(null, Object(Config\Cache), false)
 9 FCPATH/index.php(80): CodeIgniter\CodeIgniter->run()
INFO - 2023-10-10 18:56:42 --> Session: Class initialized using 'CodeIgniter\Session\Handlers\FileHandler' driver.
INFO - 2023-10-10 18:57:04 --> Session: Class initialized using 'CodeIgniter\Session\Handlers\FileHandler' driver.
INFO - 2023-10-10 18:58:13 --> Session: Class initialized using 'CodeIgniter\Session\Handlers\FileHandler' driver.
INFO - 2023-10-10 19:04:39 --> Session: Class initialized using 'CodeIgniter\Session\Handlers\FileHandler' driver.
INFO - 2023-10-10 19:08:28 --> Session: Class initialized using 'CodeIgniter\Session\Handlers\FileHandler' driver.
INFO - 2023-10-10 19:24:20 --> Session: Class initialized using 'CodeIgniter\Session\Handlers\FileHandler' driver.
INFO - 2023-10-10 19:24:59 --> Session: Class initialized using 'CodeIgniter\Session\Handlers\FileHandler' driver.
INFO - 2023-10-10 19:26:26 --> Session: Class initialized using 'CodeIgniter\Session\Handlers\FileHandler' driver.
INFO - 2023-10-10 19:26:28 --> Session: Class initialized using 'CodeIgniter\Session\Handlers\FileHandler' driver.
INFO - 2023-10-10 19:26:34 --> Session: Class initialized using 'CodeIgniter\Session\Handlers\FileHandler' driver.
INFO - 2023-10-10 19:27:51 --> Session: Class initialized using 'CodeIgniter\Session\Handlers\FileHandler' driver.
INFO - 2023-10-10 19:31:08 --> Session: Class initialized using 'CodeIgniter\Session\Handlers\FileHandler' driver.
INFO - 2023-10-10 19:31:09 --> Session: Class initialized using 'CodeIgniter\Session\Handlers\FileHandler' driver.
INFO - 2023-10-10 19:31:10 --> Session: Class initialized using 'CodeIgniter\Session\Handlers\FileHandler' driver.
INFO - 2023-10-10 19:31:12 --> Session: Class initialized using 'CodeIgniter\Session\Handlers\FileHandler' driver.
INFO - 2023-10-10 19:31:13 --> Session: Class initialized using 'CodeIgniter\Session\Handlers\FileHandler' driver.
INFO - 2023-10-10 19:32:22 --> Session: Class initialized using 'CodeIgniter\Session\Handlers\FileHandler' driver.
INFO - 2023-10-10 19:32:24 --> Session: Class initialized using 'CodeIgniter\Session\Handlers\FileHandler' driver.
INFO - 2023-10-10 19:32:25 --> Session: Class initialized using 'CodeIgniter\Session\Handlers\FileHandler' driver.
CRITICAL - 2023-10-10 19:33:44 --> Undefined variable $id
in APPPATH/Controllers/Banner.php on line 108.
 1 APPPATH/Controllers/Banner.php(108): CodeIgniter\Debug\Exceptions->errorHandler(2, 'Undefined variable $id', '/opt/lampp/htdocs/codeigniter4/app/Controllers/Banner.php', 108)
 2 SYSTEMPATH/CodeIgniter.php(919): App\Controllers\Banner->updateData('4')
 3 SYSTEMPATH/CodeIgniter.php(494): CodeIgniter\CodeIgniter->runController(Object(App\Controllers\Banner))
 4 SYSTEMPATH/CodeIgniter.php(353): CodeIgniter\CodeIgniter->handleRequest(null, Object(Config\Cache), false)
 5 FCPATH/index.php(80): CodeIgniter\CodeIgniter->run()
INFO - 2023-10-10 19:34:49 --> Session: Class initialized using 'CodeIgniter\Session\Handlers\FileHandler' driver.
INFO - 2023-10-10 19:35:52 --> Session: Class initialized using 'CodeIgniter\Session\Handlers\FileHandler' driver.
INFO - 2023-10-10 19:35:54 --> Session: Class initialized using 'CodeIgniter\Session\Handlers\FileHandler' driver.
INFO - 2023-10-10 19:36:03 --> Session: Class initialized using 'CodeIgniter\Session\Handlers\FileHandler' driver.
INFO - 2023-10-10 19:38:36 --> Session: Class initialized using 'CodeIgniter\Session\Handlers\FileHandler' driver.
CRITICAL - 2023-10-10 19:39:36 --> Too few arguments to function App\Controllers\Banner::updateData(), 1 passed in /opt/lampp/htdocs/codeigniter4/system/CodeIgniter.php on line 919 and exactly 2 expected
in APPPATH/Controllers/Banner.php on line 71.
 1 SYSTEMPATH/CodeIgniter.php(919): App\Controllers\Banner->updateData('4')
 2 SYSTEMPATH/CodeIgniter.php(494): CodeIgniter\CodeIgniter->runController(Object(App\Controllers\Banner))
 3 SYSTEMPATH/CodeIgniter.php(353): CodeIgniter\CodeIgniter->handleRequest(null, Object(Config\Cache), false)
 4 FCPATH/index.php(80): CodeIgniter\CodeIgniter->run()
INFO - 2023-10-10 19:45:12 --> Session: Class initialized using 'CodeIgniter\Session\Handlers\FileHandler' driver.
INFO - 2023-10-10 19:45:26 --> Session: Class initialized using 'CodeIgniter\Session\Handlers\FileHandler' driver.
INFO - 2023-10-10 19:45:38 --> Session: Class initialized using 'CodeIgniter\Session\Handlers\FileHandler' driver.
INFO - 2023-10-10 19:48:10 --> Session: Class initialized using 'CodeIgniter\Session\Handlers\FileHandler' driver.
INFO - 2023-10-10 19:48:26 --> Session: Class initialized using 'CodeIgniter\Session\Handlers\FileHandler' driver.
CRITICAL - 2023-10-10 20:09:02 --> Too few arguments to function App\Models\BannerModel::updateData(), 1 passed in /opt/lampp/htdocs/codeigniter4/app/Controllers/Banner.php on line 119 and exactly 2 expected
in APPPATH/Models/BannerModel.php on line 32.
 1 APPPATH/Controllers/Banner.php(119): App\Models\BannerModel->updateData('4')
 2 SYSTEMPATH/CodeIgniter.php(919): App\Controllers\Banner->deleteData('4')
 3 SYSTEMPATH/CodeIgniter.php(494): CodeIgniter\CodeIgniter->runController(Object(App\Controllers\Banner))
 4 SYSTEMPATH/CodeIgniter.php(353): CodeIgniter\CodeIgniter->handleRequest(null, Object(Config\Cache), false)
 5 FCPATH/index.php(80): CodeIgniter\CodeIgniter->run()
INFO - 2023-10-10 20:09:47 --> Session: Class initialized using 'CodeIgniter\Session\Handlers\FileHandler' driver.
INFO - 2023-10-10 20:10:01 --> Session: Class initialized using 'CodeIgniter\Session\Handlers\FileHandler' driver.
