INFO - 2023-10-11 11:13:05 --> Session: Class initialized using 'CodeIgniter\Session\Handlers\FileHandler' driver.
INFO - 2023-10-11 11:14:09 --> Session: Class initialized using 'CodeIgniter\Session\Handlers\FileHandler' driver.
INFO - 2023-10-11 11:15:23 --> Session: Class initialized using 'CodeIgniter\Session\Handlers\FileHandler' driver.
INFO - 2023-10-11 11:42:53 --> Session: Class initialized using 'CodeIgniter\Session\Handlers\FileHandler' driver.
INFO - 2023-10-11 11:42:55 --> Session: Class initialized using 'CodeIgniter\Session\Handlers\FileHandler' driver.
INFO - 2023-10-11 11:54:50 --> Session: Class initialized using 'CodeIgniter\Session\Handlers\FileHandler' driver.
INFO - 2023-10-11 11:55:39 --> Session: Class initialized using 'CodeIgniter\Session\Handlers\FileHandler' driver.
INFO - 2023-10-11 11:57:02 --> Session: Class initialized using 'CodeIgniter\Session\Handlers\FileHandler' driver.
INFO - 2023-10-11 11:58:45 --> Session: Class initialized using 'CodeIgniter\Session\Handlers\FileHandler' driver.
INFO - 2023-10-11 11:58:46 --> Session: Class initialized using 'CodeIgniter\Session\Handlers\FileHandler' driver.
INFO - 2023-10-11 11:58:48 --> Session: Class initialized using 'CodeIgniter\Session\Handlers\FileHandler' driver.
INFO - 2023-10-11 11:58:50 --> Session: Class initialized using 'CodeIgniter\Session\Handlers\FileHandler' driver.
INFO - 2023-10-11 11:59:07 --> Session: Class initialized using 'CodeIgniter\Session\Handlers\FileHandler' driver.
INFO - 2023-10-11 11:59:09 --> Session: Class initialized using 'CodeIgniter\Session\Handlers\FileHandler' driver.
INFO - 2023-10-11 11:59:10 --> Session: Class initialized using 'CodeIgniter\Session\Handlers\FileHandler' driver.
INFO - 2023-10-11 11:59:11 --> Session: Class initialized using 'CodeIgniter\Session\Handlers\FileHandler' driver.
INFO - 2023-10-11 11:59:12 --> Session: Class initialized using 'CodeIgniter\Session\Handlers\FileHandler' driver.
INFO - 2023-10-11 11:59:13 --> Session: Class initialized using 'CodeIgniter\Session\Handlers\FileHandler' driver.
INFO - 2023-10-11 12:19:40 --> Session: Class initialized using 'CodeIgniter\Session\Handlers\FileHandler' driver.
INFO - 2023-10-11 12:19:53 --> Session: Class initialized using 'CodeIgniter\Session\Handlers\FileHandler' driver.
INFO - 2023-10-11 12:20:48 --> Session: Class initialized using 'CodeIgniter\Session\Handlers\FileHandler' driver.
CRITICAL - 2023-10-11 12:36:22 --> Attempt to read property "id" on null
in APPPATH/Views/banners/editbanner.php on line 31.
 1 APPPATH/Views/banners/editbanner.php(31): CodeIgniter\Debug\Exceptions->errorHandler(2, 'Attempt to read property "id" on null', '/opt/lampp/htdocs/codeigniter4/app/Views/banners/editbanner.php', 31)
 2 SYSTEMPATH/View/View.php(226): include('/opt/lampp/htdocs/codeigniter4/app/Views/banners/editbanner.php')
 3 SYSTEMPATH/View/View.php(229): CodeIgniter\View\View->CodeIgniter\View\{closure}()
 4 SYSTEMPATH/Common.php(1188): CodeIgniter\View\View->render('banners/editbanner', [], true)
 5 APPPATH/Controllers/Banner.php(68): view('banners/editbanner', [...])
 6 SYSTEMPATH/CodeIgniter.php(919): App\Controllers\Banner->editData('1')
 7 SYSTEMPATH/CodeIgniter.php(494): CodeIgniter\CodeIgniter->runController(Object(App\Controllers\Banner))
 8 SYSTEMPATH/CodeIgniter.php(353): CodeIgniter\CodeIgniter->handleRequest(null, Object(Config\Cache), false)
 9 FCPATH/index.php(80): CodeIgniter\CodeIgniter->run()
INFO - 2023-10-11 12:36:58 --> Session: Class initialized using 'CodeIgniter\Session\Handlers\FileHandler' driver.
INFO - 2023-10-11 12:37:12 --> Session: Class initialized using 'CodeIgniter\Session\Handlers\FileHandler' driver.
INFO - 2023-10-11 12:58:56 --> Session: Class initialized using 'CodeIgniter\Session\Handlers\FileHandler' driver.
INFO - 2023-10-11 13:02:45 --> Session: Class initialized using 'CodeIgniter\Session\Handlers\FileHandler' driver.
CRITICAL - 2023-10-11 13:30:31 --> Invalid file: "file/addfile.php"
in SYSTEMPATH/Exceptions/FrameworkException.php on line 39.
 1 SYSTEMPATH/View/View.php(214): CodeIgniter\Exceptions\FrameworkException::forInvalidFile('file/addfile.php')
 2 SYSTEMPATH/Common.php(1188): CodeIgniter\View\View->render('file/addfile', [], true)
 3 APPPATH/Controllers/File.php(10): view('file/addfile')
 4 SYSTEMPATH/CodeIgniter.php(919): App\Controllers\File->create()
 5 SYSTEMPATH/CodeIgniter.php(494): CodeIgniter\CodeIgniter->runController(Object(App\Controllers\File))
 6 SYSTEMPATH/CodeIgniter.php(353): CodeIgniter\CodeIgniter->handleRequest(null, Object(Config\Cache), false)
 7 FCPATH/index.php(80): CodeIgniter\CodeIgniter->run()
INFO - 2023-10-11 14:42:22 --> Session: Class initialized using 'CodeIgniter\Session\Handlers\FileHandler' driver.
INFO - 2023-10-11 15:36:50 --> Session: Class initialized using 'CodeIgniter\Session\Handlers\FileHandler' driver.
INFO - 2023-10-11 15:38:03 --> Session: Class initialized using 'CodeIgniter\Session\Handlers\FileHandler' driver.
INFO - 2023-10-11 15:40:11 --> Session: Class initialized using 'CodeIgniter\Session\Handlers\FileHandler' driver.
INFO - 2023-10-11 15:44:45 --> Session: Class initialized using 'CodeIgniter\Session\Handlers\FileHandler' driver.
INFO - 2023-10-11 15:49:27 --> Session: Class initialized using 'CodeIgniter\Session\Handlers\FileHandler' driver.
INFO - 2023-10-11 15:53:03 --> Session: Class initialized using 'CodeIgniter\Session\Handlers\FileHandler' driver.
INFO - 2023-10-11 15:55:35 --> Session: Class initialized using 'CodeIgniter\Session\Handlers\FileHandler' driver.
CRITICAL - 2023-10-11 16:04:28 --> Array to string conversion
in APPPATH/Controllers/File.php on line 55.
 1 APPPATH/Controllers/File.php(55): CodeIgniter\Debug\Exceptions->errorHandler(2, 'Array to string conversion', '/opt/lampp/htdocs/codeigniter4/app/Controllers/File.php', 55)
 2 SYSTEMPATH/CodeIgniter.php(919): App\Controllers\File->storeData()
 3 SYSTEMPATH/CodeIgniter.php(494): CodeIgniter\CodeIgniter->runController(Object(App\Controllers\File))
 4 SYSTEMPATH/CodeIgniter.php(353): CodeIgniter\CodeIgniter->handleRequest(null, Object(Config\Cache), false)
 5 FCPATH/index.php(80): CodeIgniter\CodeIgniter->run()
CRITICAL - 2023-10-11 16:05:43 --> Array to string conversion
in APPPATH/Controllers/File.php on line 52.
 1 APPPATH/Controllers/File.php(52): CodeIgniter\Debug\Exceptions->errorHandler(2, 'Array to string conversion', '/opt/lampp/htdocs/codeigniter4/app/Controllers/File.php', 52)
 2 SYSTEMPATH/CodeIgniter.php(919): App\Controllers\File->storeData()
 3 SYSTEMPATH/CodeIgniter.php(494): CodeIgniter\CodeIgniter->runController(Object(App\Controllers\File))
 4 SYSTEMPATH/CodeIgniter.php(353): CodeIgniter\CodeIgniter->handleRequest(null, Object(Config\Cache), false)
 5 FCPATH/index.php(80): CodeIgniter\CodeIgniter->run()
CRITICAL - 2023-10-11 16:05:59 --> Array to string conversion
in APPPATH/Controllers/File.php on line 52.
 1 APPPATH/Controllers/File.php(52): CodeIgniter\Debug\Exceptions->errorHandler(2, 'Array to string conversion', '/opt/lampp/htdocs/codeigniter4/app/Controllers/File.php', 52)
 2 SYSTEMPATH/CodeIgniter.php(919): App\Controllers\File->storeData()
 3 SYSTEMPATH/CodeIgniter.php(494): CodeIgniter\CodeIgniter->runController(Object(App\Controllers\File))
 4 SYSTEMPATH/CodeIgniter.php(353): CodeIgniter\CodeIgniter->handleRequest(null, Object(Config\Cache), false)
 5 FCPATH/index.php(80): CodeIgniter\CodeIgniter->run()
CRITICAL - 2023-10-11 16:06:32 --> Array to string conversion
in APPPATH/Controllers/File.php on line 44.
 1 APPPATH/Controllers/File.php(44): CodeIgniter\Debug\Exceptions->errorHandler(2, 'Array to string conversion', '/opt/lampp/htdocs/codeigniter4/app/Controllers/File.php', 44)
 2 SYSTEMPATH/CodeIgniter.php(919): App\Controllers\File->storeData()
 3 SYSTEMPATH/CodeIgniter.php(494): CodeIgniter\CodeIgniter->runController(Object(App\Controllers\File))
 4 SYSTEMPATH/CodeIgniter.php(353): CodeIgniter\CodeIgniter->handleRequest(null, Object(Config\Cache), false)
 5 FCPATH/index.php(80): CodeIgniter\CodeIgniter->run()
INFO - 2023-10-11 16:07:54 --> Session: Class initialized using 'CodeIgniter\Session\Handlers\FileHandler' driver.
INFO - 2023-10-11 16:13:03 --> Session: Class initialized using 'CodeIgniter\Session\Handlers\FileHandler' driver.
INFO - 2023-10-11 16:19:52 --> Session: Class initialized using 'CodeIgniter\Session\Handlers\FileHandler' driver.
INFO - 2023-10-11 16:21:18 --> Session: Class initialized using 'CodeIgniter\Session\Handlers\FileHandler' driver.
INFO - 2023-10-11 16:22:43 --> Session: Class initialized using 'CodeIgniter\Session\Handlers\FileHandler' driver.
INFO - 2023-10-11 16:29:00 --> Session: Class initialized using 'CodeIgniter\Session\Handlers\FileHandler' driver.
INFO - 2023-10-11 16:30:17 --> Session: Class initialized using 'CodeIgniter\Session\Handlers\FileHandler' driver.
INFO - 2023-10-11 16:32:08 --> Session: Class initialized using 'CodeIgniter\Session\Handlers\FileHandler' driver.
ERROR - 2023-10-11 16:33:30 --> mysqli_sql_exception: Column 'is_news' cannot be null in /opt/lampp/htdocs/codeigniter4/system/Database/MySQLi/Connection.php:306
Stack trace:
#0 /opt/lampp/htdocs/codeigniter4/system/Database/MySQLi/Connection.php(306): mysqli->query('INSERT INTO `tb...', 0)
#1 /opt/lampp/htdocs/codeigniter4/system/Database/BaseConnection.php(692): CodeIgniter\Database\MySQLi\Connection->execute('INSERT INTO `tb...')
#2 /opt/lampp/htdocs/codeigniter4/system/Database/BaseConnection.php(606): CodeIgniter\Database\BaseConnection->simpleQuery('INSERT INTO `tb...')
#3 /opt/lampp/htdocs/codeigniter4/system/Database/BaseBuilder.php(2308): CodeIgniter\Database\BaseConnection->query('INSERT INTO `tb...', Array, false)
#4 /opt/lampp/htdocs/codeigniter4/app/Models/FileModel.php(18): CodeIgniter\Database\BaseBuilder->insert(Array)
#5 /opt/lampp/htdocs/codeigniter4/app/Controllers/File.php(55): App\Models\FileModel->addData(Array)
#6 /opt/lampp/htdocs/codeigniter4/system/CodeIgniter.php(919): App\Controllers\File->storeData()
#7 /opt/lampp/htdocs/codeigniter4/system/CodeIgniter.php(494): CodeIgniter\CodeIgniter->runController(Object(App\Controllers\File))
#8 /opt/lampp/htdocs/codeigniter4/system/CodeIgniter.php(353): CodeIgniter\CodeIgniter->handleRequest(NULL, Object(Config\Cache), false)
#9 /opt/lampp/htdocs/codeigniter4/index.php(80): CodeIgniter\CodeIgniter->run()
#10 {main}
CRITICAL - 2023-10-11 16:33:30 --> Column 'is_news' cannot be null
in SYSTEMPATH/Database/BaseConnection.php on line 646.
 1 SYSTEMPATH/Database/BaseBuilder.php(2308): CodeIgniter\Database\BaseConnection->query('INSERT INTO `tbl_files` (`cat_id`, `file_title`, `file`, `is_news`, `created_by`, `created_at`) VALUES (:cat_id:, :file_title:, :file :, :is_news:, :created_by:, :created_at:)', [...], false)
 2 APPPATH/Models/FileModel.php(18): CodeIgniter\Database\BaseBuilder->insert([...])
 3 APPPATH/Controllers/File.php(55): App\Models\FileModel->addData([...])
 4 SYSTEMPATH/CodeIgniter.php(919): App\Controllers\File->storeData()
 5 SYSTEMPATH/CodeIgniter.php(494): CodeIgniter\CodeIgniter->runController(Object(App\Controllers\File))
 6 SYSTEMPATH/CodeIgniter.php(353): CodeIgniter\CodeIgniter->handleRequest(null, Object(Config\Cache), false)
 7 FCPATH/index.php(80): CodeIgniter\CodeIgniter->run()
INFO - 2023-10-11 16:36:26 --> Session: Class initialized using 'CodeIgniter\Session\Handlers\FileHandler' driver.
INFO - 2023-10-11 16:37:26 --> Session: Class initialized using 'CodeIgniter\Session\Handlers\FileHandler' driver.
INFO - 2023-10-11 16:37:43 --> Session: Class initialized using 'CodeIgniter\Session\Handlers\FileHandler' driver.
CRITICAL - 2023-10-11 16:47:19 --> Undefined property: stdClass::$banner_title
in APPPATH/Views/files/viewfile.php on line 47.
 1 APPPATH/Views/files/viewfile.php(47): CodeIgniter\Debug\Exceptions->errorHandler(2, 'Undefined property: stdClass::$banner_title', '/opt/lampp/htdocs/codeigniter4/app/Views/files/viewfile.php', 47)
 2 SYSTEMPATH/View/View.php(226): include('/opt/lampp/htdocs/codeigniter4/app/Views/files/viewfile.php')
 3 SYSTEMPATH/View/View.php(229): CodeIgniter\View\View->CodeIgniter\View\{closure}()
 4 SYSTEMPATH/Common.php(1188): CodeIgniter\View\View->render('files/viewfile', [], true)
 5 APPPATH/Controllers/File.php(75): view('files/viewfile', [...])
 6 SYSTEMPATH/CodeIgniter.php(919): App\Controllers\File->viewData()
 7 SYSTEMPATH/CodeIgniter.php(494): CodeIgniter\CodeIgniter->runController(Object(App\Controllers\File))
 8 SYSTEMPATH/CodeIgniter.php(353): CodeIgniter\CodeIgniter->handleRequest(null, Object(Config\Cache), false)
 9 FCPATH/index.php(80): CodeIgniter\CodeIgniter->run()
INFO - 2023-10-11 18:01:50 --> Session: Class initialized using 'CodeIgniter\Session\Handlers\FileHandler' driver.
INFO - 2023-10-11 18:01:59 --> Session: Class initialized using 'CodeIgniter\Session\Handlers\FileHandler' driver.
INFO - 2023-10-11 18:02:10 --> Session: Class initialized using 'CodeIgniter\Session\Handlers\FileHandler' driver.
INFO - 2023-10-11 18:02:37 --> Session: Class initialized using 'CodeIgniter\Session\Handlers\FileHandler' driver.
INFO - 2023-10-11 18:02:40 --> Session: Class initialized using 'CodeIgniter\Session\Handlers\FileHandler' driver.
INFO - 2023-10-11 18:23:35 --> Session: Class initialized using 'CodeIgniter\Session\Handlers\FileHandler' driver.
INFO - 2023-10-11 18:23:36 --> Session: Class initialized using 'CodeIgniter\Session\Handlers\FileHandler' driver.
INFO - 2023-10-11 18:25:22 --> Session: Class initialized using 'CodeIgniter\Session\Handlers\FileHandler' driver.
INFO - 2023-10-11 18:28:59 --> Session: Class initialized using 'CodeIgniter\Session\Handlers\FileHandler' driver.
INFO - 2023-10-11 18:30:08 --> Session: Class initialized using 'CodeIgniter\Session\Handlers\FileHandler' driver.
CRITICAL - 2023-10-11 18:41:27 --> Attempt to read property "id" on string
in APPPATH/Views/files/editfile.php on line 34.
 1 APPPATH/Views/files/editfile.php(34): CodeIgniter\Debug\Exceptions->errorHandler(2, 'Attempt to read property "id" on string', '/opt/lampp/htdocs/codeigniter4/app/Views/files/editfile.php', 34)
 2 SYSTEMPATH/View/View.php(226): include('/opt/lampp/htdocs/codeigniter4/app/Views/files/editfile.php')
 3 SYSTEMPATH/View/View.php(229): CodeIgniter\View\View->CodeIgniter\View\{closure}()
 4 SYSTEMPATH/Common.php(1188): CodeIgniter\View\View->render('files/editfile', [], true)
 5 APPPATH/Controllers/File.php(82): view('files/editfile', [...])
 6 SYSTEMPATH/CodeIgniter.php(919): App\Controllers\File->editData('16')
 7 SYSTEMPATH/CodeIgniter.php(494): CodeIgniter\CodeIgniter->runController(Object(App\Controllers\File))
 8 SYSTEMPATH/CodeIgniter.php(353): CodeIgniter\CodeIgniter->handleRequest(null, Object(Config\Cache), false)
 9 FCPATH/index.php(80): CodeIgniter\CodeIgniter->run()
CRITICAL - 2023-10-11 18:42:25 --> Attempt to read property "id" on string
in APPPATH/Views/files/editfile.php on line 34.
 1 APPPATH/Views/files/editfile.php(34): CodeIgniter\Debug\Exceptions->errorHandler(2, 'Attempt to read property "id" on string', '/opt/lampp/htdocs/codeigniter4/app/Views/files/editfile.php', 34)
 2 SYSTEMPATH/View/View.php(226): include('/opt/lampp/htdocs/codeigniter4/app/Views/files/editfile.php')
 3 SYSTEMPATH/View/View.php(229): CodeIgniter\View\View->CodeIgniter\View\{closure}()
 4 SYSTEMPATH/Common.php(1188): CodeIgniter\View\View->render('files/editfile', [], true)
 5 APPPATH/Controllers/File.php(83): view('files/editfile', [...])
 6 SYSTEMPATH/CodeIgniter.php(919): App\Controllers\File->editData('16')
 7 SYSTEMPATH/CodeIgniter.php(494): CodeIgniter\CodeIgniter->runController(Object(App\Controllers\File))
 8 SYSTEMPATH/CodeIgniter.php(353): CodeIgniter\CodeIgniter->handleRequest(null, Object(Config\Cache), false)
 9 FCPATH/index.php(80): CodeIgniter\CodeIgniter->run()
CRITICAL - 2023-10-11 18:42:26 --> Attempt to read property "id" on string
in APPPATH/Views/files/editfile.php on line 34.
 1 APPPATH/Views/files/editfile.php(34): CodeIgniter\Debug\Exceptions->errorHandler(2, 'Attempt to read property "id" on string', '/opt/lampp/htdocs/codeigniter4/app/Views/files/editfile.php', 34)
 2 SYSTEMPATH/View/View.php(226): include('/opt/lampp/htdocs/codeigniter4/app/Views/files/editfile.php')
 3 SYSTEMPATH/View/View.php(229): CodeIgniter\View\View->CodeIgniter\View\{closure}()
 4 SYSTEMPATH/Common.php(1188): CodeIgniter\View\View->render('files/editfile', [], true)
 5 APPPATH/Controllers/File.php(83): view('files/editfile', [...])
 6 SYSTEMPATH/CodeIgniter.php(919): App\Controllers\File->editData('16')
 7 SYSTEMPATH/CodeIgniter.php(494): CodeIgniter\CodeIgniter->runController(Object(App\Controllers\File))
 8 SYSTEMPATH/CodeIgniter.php(353): CodeIgniter\CodeIgniter->handleRequest(null, Object(Config\Cache), false)
 9 FCPATH/index.php(80): CodeIgniter\CodeIgniter->run()
CRITICAL - 2023-10-11 18:42:27 --> Attempt to read property "id" on string
in APPPATH/Views/files/editfile.php on line 34.
 1 APPPATH/Views/files/editfile.php(34): CodeIgniter\Debug\Exceptions->errorHandler(2, 'Attempt to read property "id" on string', '/opt/lampp/htdocs/codeigniter4/app/Views/files/editfile.php', 34)
 2 SYSTEMPATH/View/View.php(226): include('/opt/lampp/htdocs/codeigniter4/app/Views/files/editfile.php')
 3 SYSTEMPATH/View/View.php(229): CodeIgniter\View\View->CodeIgniter\View\{closure}()
 4 SYSTEMPATH/Common.php(1188): CodeIgniter\View\View->render('files/editfile', [], true)
 5 APPPATH/Controllers/File.php(83): view('files/editfile', [...])
 6 SYSTEMPATH/CodeIgniter.php(919): App\Controllers\File->editData('16')
 7 SYSTEMPATH/CodeIgniter.php(494): CodeIgniter\CodeIgniter->runController(Object(App\Controllers\File))
 8 SYSTEMPATH/CodeIgniter.php(353): CodeIgniter\CodeIgniter->handleRequest(null, Object(Config\Cache), false)
 9 FCPATH/index.php(80): CodeIgniter\CodeIgniter->run()
CRITICAL - 2023-10-11 18:42:30 --> Attempt to read property "id" on string
in APPPATH/Views/files/editfile.php on line 34.
 1 APPPATH/Views/files/editfile.php(34): CodeIgniter\Debug\Exceptions->errorHandler(2, 'Attempt to read property "id" on string', '/opt/lampp/htdocs/codeigniter4/app/Views/files/editfile.php', 34)
 2 SYSTEMPATH/View/View.php(226): include('/opt/lampp/htdocs/codeigniter4/app/Views/files/editfile.php')
 3 SYSTEMPATH/View/View.php(229): CodeIgniter\View\View->CodeIgniter\View\{closure}()
 4 SYSTEMPATH/Common.php(1188): CodeIgniter\View\View->render('files/editfile', [], true)
 5 APPPATH/Controllers/File.php(83): view('files/editfile', [...])
 6 SYSTEMPATH/CodeIgniter.php(919): App\Controllers\File->editData('16')
 7 SYSTEMPATH/CodeIgniter.php(494): CodeIgniter\CodeIgniter->runController(Object(App\Controllers\File))
 8 SYSTEMPATH/CodeIgniter.php(353): CodeIgniter\CodeIgniter->handleRequest(null, Object(Config\Cache), false)
 9 FCPATH/index.php(80): CodeIgniter\CodeIgniter->run()
CRITICAL - 2023-10-11 18:44:22 --> Attempt to read property "id" on string
in APPPATH/Views/files/editfile.php on line 34.
 1 APPPATH/Views/files/editfile.php(34): CodeIgniter\Debug\Exceptions->errorHandler(2, 'Attempt to read property "id" on string', '/opt/lampp/htdocs/codeigniter4/app/Views/files/editfile.php', 34)
 2 SYSTEMPATH/View/View.php(226): include('/opt/lampp/htdocs/codeigniter4/app/Views/files/editfile.php')
 3 SYSTEMPATH/View/View.php(229): CodeIgniter\View\View->CodeIgniter\View\{closure}()
 4 SYSTEMPATH/Common.php(1188): CodeIgniter\View\View->render('files/editfile', [], true)
 5 APPPATH/Controllers/File.php(83): view('files/editfile', [...])
 6 SYSTEMPATH/CodeIgniter.php(919): App\Controllers\File->editData('16')
 7 SYSTEMPATH/CodeIgniter.php(494): CodeIgniter\CodeIgniter->runController(Object(App\Controllers\File))
 8 SYSTEMPATH/CodeIgniter.php(353): CodeIgniter\CodeIgniter->handleRequest(null, Object(Config\Cache), false)
 9 FCPATH/index.php(80): CodeIgniter\CodeIgniter->run()
ERROR - 2023-10-11 19:02:50 --> mysqli_sql_exception: Column 'id' in where clause is ambiguous in /opt/lampp/htdocs/codeigniter4/system/Database/MySQLi/Connection.php:306
Stack trace:
#0 /opt/lampp/htdocs/codeigniter4/system/Database/MySQLi/Connection.php(306): mysqli->query('SELECT tbl_cate...', 0)
#1 /opt/lampp/htdocs/codeigniter4/system/Database/BaseConnection.php(692): CodeIgniter\Database\MySQLi\Connection->execute('SELECT tbl_cate...')
#2 /opt/lampp/htdocs/codeigniter4/system/Database/BaseConnection.php(606): CodeIgniter\Database\BaseConnection->simpleQuery('SELECT tbl_cate...')
#3 /opt/lampp/htdocs/codeigniter4/app/Models/FileModel.php(46): CodeIgniter\Database\BaseConnection->query('SELECT tbl_cate...')
#4 /opt/lampp/htdocs/codeigniter4/app/Controllers/File.php(82): App\Models\FileModel->getDataBYId('16')
#5 /opt/lampp/htdocs/codeigniter4/system/CodeIgniter.php(919): App\Controllers\File->editData('16')
#6 /opt/lampp/htdocs/codeigniter4/system/CodeIgniter.php(494): CodeIgniter\CodeIgniter->runController(Object(App\Controllers\File))
#7 /opt/lampp/htdocs/codeigniter4/system/CodeIgniter.php(353): CodeIgniter\CodeIgniter->handleRequest(NULL, Object(Config\Cache), false)
#8 /opt/lampp/htdocs/codeigniter4/index.php(80): CodeIgniter\CodeIgniter->run()
#9 {main}
CRITICAL - 2023-10-11 19:02:50 --> Column 'id' in where clause is ambiguous
in SYSTEMPATH/Database/BaseConnection.php on line 646.
 1 APPPATH/Models/FileModel.php(46): CodeIgniter\Database\BaseConnection->query('SELECT tbl_category.id AS category_id, tbl_category.cat_name, tbl_files.* 
            FROM tbl_files
            JOIN tbl_category ON tbl_files.cat_id = tbl_category.id
            WHERE id = 16')
 2 APPPATH/Controllers/File.php(82): App\Models\FileModel->getDataBYId('16')
 3 SYSTEMPATH/CodeIgniter.php(919): App\Controllers\File->editData('16')
 4 SYSTEMPATH/CodeIgniter.php(494): CodeIgniter\CodeIgniter->runController(Object(App\Controllers\File))
 5 SYSTEMPATH/CodeIgniter.php(353): CodeIgniter\CodeIgniter->handleRequest(null, Object(Config\Cache), false)
 6 FCPATH/index.php(80): CodeIgniter\CodeIgniter->run()
ERROR - 2023-10-11 19:04:56 --> mysqli_sql_exception: Column 'id' in where clause is ambiguous in /opt/lampp/htdocs/codeigniter4/system/Database/MySQLi/Connection.php:306
Stack trace:
#0 /opt/lampp/htdocs/codeigniter4/system/Database/MySQLi/Connection.php(306): mysqli->query('SELECT tbl_cate...', 0)
#1 /opt/lampp/htdocs/codeigniter4/system/Database/BaseConnection.php(692): CodeIgniter\Database\MySQLi\Connection->execute('SELECT tbl_cate...')
#2 /opt/lampp/htdocs/codeigniter4/system/Database/BaseConnection.php(606): CodeIgniter\Database\BaseConnection->simpleQuery('SELECT tbl_cate...')
#3 /opt/lampp/htdocs/codeigniter4/app/Models/FileModel.php(46): CodeIgniter\Database\BaseConnection->query('SELECT tbl_cate...')
#4 /opt/lampp/htdocs/codeigniter4/app/Controllers/File.php(82): App\Models\FileModel->getDataBYId('16')
#5 /opt/lampp/htdocs/codeigniter4/system/CodeIgniter.php(919): App\Controllers\File->editData('16')
#6 /opt/lampp/htdocs/codeigniter4/system/CodeIgniter.php(494): CodeIgniter\CodeIgniter->runController(Object(App\Controllers\File))
#7 /opt/lampp/htdocs/codeigniter4/system/CodeIgniter.php(353): CodeIgniter\CodeIgniter->handleRequest(NULL, Object(Config\Cache), false)
#8 /opt/lampp/htdocs/codeigniter4/index.php(80): CodeIgniter\CodeIgniter->run()
#9 {main}
CRITICAL - 2023-10-11 19:04:56 --> Column 'id' in where clause is ambiguous
in SYSTEMPATH/Database/BaseConnection.php on line 646.
 1 APPPATH/Models/FileModel.php(46): CodeIgniter\Database\BaseConnection->query('SELECT tbl_category.id AS category_id, tbl_category.cat_name, tbl_files.* 
            FROM tbl_files
            JOIN tbl_category ON tbl_files.cat_id = tbl_category.id
            WHERE id = 16')
 2 APPPATH/Controllers/File.php(82): App\Models\FileModel->getDataBYId('16')
 3 SYSTEMPATH/CodeIgniter.php(919): App\Controllers\File->editData('16')
 4 SYSTEMPATH/CodeIgniter.php(494): CodeIgniter\CodeIgniter->runController(Object(App\Controllers\File))
 5 SYSTEMPATH/CodeIgniter.php(353): CodeIgniter\CodeIgniter->handleRequest(null, Object(Config\Cache), false)
 6 FCPATH/index.php(80): CodeIgniter\CodeIgniter->run()
ERROR - 2023-10-11 19:05:12 --> mysqli_sql_exception: Column 'id' in where clause is ambiguous in /opt/lampp/htdocs/codeigniter4/system/Database/MySQLi/Connection.php:306
Stack trace:
#0 /opt/lampp/htdocs/codeigniter4/system/Database/MySQLi/Connection.php(306): mysqli->query('SELECT tbl_cate...', 0)
#1 /opt/lampp/htdocs/codeigniter4/system/Database/BaseConnection.php(692): CodeIgniter\Database\MySQLi\Connection->execute('SELECT tbl_cate...')
#2 /opt/lampp/htdocs/codeigniter4/system/Database/BaseConnection.php(606): CodeIgniter\Database\BaseConnection->simpleQuery('SELECT tbl_cate...')
#3 /opt/lampp/htdocs/codeigniter4/app/Models/FileModel.php(46): CodeIgniter\Database\BaseConnection->query('SELECT tbl_cate...')
#4 /opt/lampp/htdocs/codeigniter4/app/Controllers/File.php(82): App\Models\FileModel->getDataBYId('16')
#5 /opt/lampp/htdocs/codeigniter4/system/CodeIgniter.php(919): App\Controllers\File->editData('16')
#6 /opt/lampp/htdocs/codeigniter4/system/CodeIgniter.php(494): CodeIgniter\CodeIgniter->runController(Object(App\Controllers\File))
#7 /opt/lampp/htdocs/codeigniter4/system/CodeIgniter.php(353): CodeIgniter\CodeIgniter->handleRequest(NULL, Object(Config\Cache), false)
#8 /opt/lampp/htdocs/codeigniter4/index.php(80): CodeIgniter\CodeIgniter->run()
#9 {main}
CRITICAL - 2023-10-11 19:05:12 --> Column 'id' in where clause is ambiguous
in SYSTEMPATH/Database/BaseConnection.php on line 646.
 1 APPPATH/Models/FileModel.php(46): CodeIgniter\Database\BaseConnection->query('SELECT tbl_category.id AS category_id, tbl_category.cat_name, tbl_files.* 
            FROM tbl_files
            JOIN tbl_category ON tbl_files.cat_id = tbl_category.id
            WHERE id = 16')
 2 APPPATH/Controllers/File.php(82): App\Models\FileModel->getDataBYId('16')
 3 SYSTEMPATH/CodeIgniter.php(919): App\Controllers\File->editData('16')
 4 SYSTEMPATH/CodeIgniter.php(494): CodeIgniter\CodeIgniter->runController(Object(App\Controllers\File))
 5 SYSTEMPATH/CodeIgniter.php(353): CodeIgniter\CodeIgniter->handleRequest(null, Object(Config\Cache), false)
 6 FCPATH/index.php(80): CodeIgniter\CodeIgniter->run()
CRITICAL - 2023-10-11 19:13:16 --> Attempt to read property "cat_id" on string
in APPPATH/Views/files/editfile.php on line 34.
 1 APPPATH/Views/files/editfile.php(34): CodeIgniter\Debug\Exceptions->errorHandler(2, 'Attempt to read property "cat_id" on string', '/opt/lampp/htdocs/codeigniter4/app/Views/files/editfile.php', 34)
 2 SYSTEMPATH/View/View.php(226): include('/opt/lampp/htdocs/codeigniter4/app/Views/files/editfile.php')
 3 SYSTEMPATH/View/View.php(229): CodeIgniter\View\View->CodeIgniter\View\{closure}()
 4 SYSTEMPATH/Common.php(1188): CodeIgniter\View\View->render('files/editfile', [], true)
 5 APPPATH/Controllers/File.php(83): view('files/editfile', [...])
 6 SYSTEMPATH/CodeIgniter.php(919): App\Controllers\File->editData('16')
 7 SYSTEMPATH/CodeIgniter.php(494): CodeIgniter\CodeIgniter->runController(Object(App\Controllers\File))
 8 SYSTEMPATH/CodeIgniter.php(353): CodeIgniter\CodeIgniter->handleRequest(null, Object(Config\Cache), false)
 9 FCPATH/index.php(80): CodeIgniter\CodeIgniter->run()
CRITICAL - 2023-10-11 19:13:18 --> Attempt to read property "cat_id" on string
in APPPATH/Views/files/editfile.php on line 34.
 1 APPPATH/Views/files/editfile.php(34): CodeIgniter\Debug\Exceptions->errorHandler(2, 'Attempt to read property "cat_id" on string', '/opt/lampp/htdocs/codeigniter4/app/Views/files/editfile.php', 34)
 2 SYSTEMPATH/View/View.php(226): include('/opt/lampp/htdocs/codeigniter4/app/Views/files/editfile.php')
 3 SYSTEMPATH/View/View.php(229): CodeIgniter\View\View->CodeIgniter\View\{closure}()
 4 SYSTEMPATH/Common.php(1188): CodeIgniter\View\View->render('files/editfile', [], true)
 5 APPPATH/Controllers/File.php(83): view('files/editfile', [...])
 6 SYSTEMPATH/CodeIgniter.php(919): App\Controllers\File->editData('16')
 7 SYSTEMPATH/CodeIgniter.php(494): CodeIgniter\CodeIgniter->runController(Object(App\Controllers\File))
 8 SYSTEMPATH/CodeIgniter.php(353): CodeIgniter\CodeIgniter->handleRequest(null, Object(Config\Cache), false)
 9 FCPATH/index.php(80): CodeIgniter\CodeIgniter->run()
CRITICAL - 2023-10-11 19:13:19 --> Attempt to read property "cat_id" on string
in APPPATH/Views/files/editfile.php on line 34.
 1 APPPATH/Views/files/editfile.php(34): CodeIgniter\Debug\Exceptions->errorHandler(2, 'Attempt to read property "cat_id" on string', '/opt/lampp/htdocs/codeigniter4/app/Views/files/editfile.php', 34)
 2 SYSTEMPATH/View/View.php(226): include('/opt/lampp/htdocs/codeigniter4/app/Views/files/editfile.php')
 3 SYSTEMPATH/View/View.php(229): CodeIgniter\View\View->CodeIgniter\View\{closure}()
 4 SYSTEMPATH/Common.php(1188): CodeIgniter\View\View->render('files/editfile', [], true)
 5 APPPATH/Controllers/File.php(83): view('files/editfile', [...])
 6 SYSTEMPATH/CodeIgniter.php(919): App\Controllers\File->editData('16')
 7 SYSTEMPATH/CodeIgniter.php(494): CodeIgniter\CodeIgniter->runController(Object(App\Controllers\File))
 8 SYSTEMPATH/CodeIgniter.php(353): CodeIgniter\CodeIgniter->handleRequest(null, Object(Config\Cache), false)
 9 FCPATH/index.php(80): CodeIgniter\CodeIgniter->run()
CRITICAL - 2023-10-11 19:13:20 --> Attempt to read property "cat_id" on string
in APPPATH/Views/files/editfile.php on line 34.
 1 APPPATH/Views/files/editfile.php(34): CodeIgniter\Debug\Exceptions->errorHandler(2, 'Attempt to read property "cat_id" on string', '/opt/lampp/htdocs/codeigniter4/app/Views/files/editfile.php', 34)
 2 SYSTEMPATH/View/View.php(226): include('/opt/lampp/htdocs/codeigniter4/app/Views/files/editfile.php')
 3 SYSTEMPATH/View/View.php(229): CodeIgniter\View\View->CodeIgniter\View\{closure}()
 4 SYSTEMPATH/Common.php(1188): CodeIgniter\View\View->render('files/editfile', [], true)
 5 APPPATH/Controllers/File.php(83): view('files/editfile', [...])
 6 SYSTEMPATH/CodeIgniter.php(919): App\Controllers\File->editData('16')
 7 SYSTEMPATH/CodeIgniter.php(494): CodeIgniter\CodeIgniter->runController(Object(App\Controllers\File))
 8 SYSTEMPATH/CodeIgniter.php(353): CodeIgniter\CodeIgniter->handleRequest(null, Object(Config\Cache), false)
 9 FCPATH/index.php(80): CodeIgniter\CodeIgniter->run()
CRITICAL - 2023-10-11 19:13:20 --> Attempt to read property "cat_id" on string
in APPPATH/Views/files/editfile.php on line 34.
 1 APPPATH/Views/files/editfile.php(34): CodeIgniter\Debug\Exceptions->errorHandler(2, 'Attempt to read property "cat_id" on string', '/opt/lampp/htdocs/codeigniter4/app/Views/files/editfile.php', 34)
 2 SYSTEMPATH/View/View.php(226): include('/opt/lampp/htdocs/codeigniter4/app/Views/files/editfile.php')
 3 SYSTEMPATH/View/View.php(229): CodeIgniter\View\View->CodeIgniter\View\{closure}()
 4 SYSTEMPATH/Common.php(1188): CodeIgniter\View\View->render('files/editfile', [], true)
 5 APPPATH/Controllers/File.php(83): view('files/editfile', [...])
 6 SYSTEMPATH/CodeIgniter.php(919): App\Controllers\File->editData('16')
 7 SYSTEMPATH/CodeIgniter.php(494): CodeIgniter\CodeIgniter->runController(Object(App\Controllers\File))
 8 SYSTEMPATH/CodeIgniter.php(353): CodeIgniter\CodeIgniter->handleRequest(null, Object(Config\Cache), false)
 9 FCPATH/index.php(80): CodeIgniter\CodeIgniter->run()
CRITICAL - 2023-10-11 19:13:21 --> Attempt to read property "cat_id" on string
in APPPATH/Views/files/editfile.php on line 34.
 1 APPPATH/Views/files/editfile.php(34): CodeIgniter\Debug\Exceptions->errorHandler(2, 'Attempt to read property "cat_id" on string', '/opt/lampp/htdocs/codeigniter4/app/Views/files/editfile.php', 34)
 2 SYSTEMPATH/View/View.php(226): include('/opt/lampp/htdocs/codeigniter4/app/Views/files/editfile.php')
 3 SYSTEMPATH/View/View.php(229): CodeIgniter\View\View->CodeIgniter\View\{closure}()
 4 SYSTEMPATH/Common.php(1188): CodeIgniter\View\View->render('files/editfile', [], true)
 5 APPPATH/Controllers/File.php(83): view('files/editfile', [...])
 6 SYSTEMPATH/CodeIgniter.php(919): App\Controllers\File->editData('16')
 7 SYSTEMPATH/CodeIgniter.php(494): CodeIgniter\CodeIgniter->runController(Object(App\Controllers\File))
 8 SYSTEMPATH/CodeIgniter.php(353): CodeIgniter\CodeIgniter->handleRequest(null, Object(Config\Cache), false)
 9 FCPATH/index.php(80): CodeIgniter\CodeIgniter->run()
CRITICAL - 2023-10-11 19:13:21 --> Attempt to read property "cat_id" on string
in APPPATH/Views/files/editfile.php on line 34.
 1 APPPATH/Views/files/editfile.php(34): CodeIgniter\Debug\Exceptions->errorHandler(2, 'Attempt to read property "cat_id" on string', '/opt/lampp/htdocs/codeigniter4/app/Views/files/editfile.php', 34)
 2 SYSTEMPATH/View/View.php(226): include('/opt/lampp/htdocs/codeigniter4/app/Views/files/editfile.php')
 3 SYSTEMPATH/View/View.php(229): CodeIgniter\View\View->CodeIgniter\View\{closure}()
 4 SYSTEMPATH/Common.php(1188): CodeIgniter\View\View->render('files/editfile', [], true)
 5 APPPATH/Controllers/File.php(83): view('files/editfile', [...])
 6 SYSTEMPATH/CodeIgniter.php(919): App\Controllers\File->editData('16')
 7 SYSTEMPATH/CodeIgniter.php(494): CodeIgniter\CodeIgniter->runController(Object(App\Controllers\File))
 8 SYSTEMPATH/CodeIgniter.php(353): CodeIgniter\CodeIgniter->handleRequest(null, Object(Config\Cache), false)
 9 FCPATH/index.php(80): CodeIgniter\CodeIgniter->run()
CRITICAL - 2023-10-11 19:13:22 --> Attempt to read property "cat_id" on string
in APPPATH/Views/files/editfile.php on line 34.
 1 APPPATH/Views/files/editfile.php(34): CodeIgniter\Debug\Exceptions->errorHandler(2, 'Attempt to read property "cat_id" on string', '/opt/lampp/htdocs/codeigniter4/app/Views/files/editfile.php', 34)
 2 SYSTEMPATH/View/View.php(226): include('/opt/lampp/htdocs/codeigniter4/app/Views/files/editfile.php')
 3 SYSTEMPATH/View/View.php(229): CodeIgniter\View\View->CodeIgniter\View\{closure}()
 4 SYSTEMPATH/Common.php(1188): CodeIgniter\View\View->render('files/editfile', [], true)
 5 APPPATH/Controllers/File.php(83): view('files/editfile', [...])
 6 SYSTEMPATH/CodeIgniter.php(919): App\Controllers\File->editData('16')
 7 SYSTEMPATH/CodeIgniter.php(494): CodeIgniter\CodeIgniter->runController(Object(App\Controllers\File))
 8 SYSTEMPATH/CodeIgniter.php(353): CodeIgniter\CodeIgniter->handleRequest(null, Object(Config\Cache), false)
 9 FCPATH/index.php(80): CodeIgniter\CodeIgniter->run()
CRITICAL - 2023-10-11 19:13:22 --> Attempt to read property "cat_id" on string
in APPPATH/Views/files/editfile.php on line 34.
 1 APPPATH/Views/files/editfile.php(34): CodeIgniter\Debug\Exceptions->errorHandler(2, 'Attempt to read property "cat_id" on string', '/opt/lampp/htdocs/codeigniter4/app/Views/files/editfile.php', 34)
 2 SYSTEMPATH/View/View.php(226): include('/opt/lampp/htdocs/codeigniter4/app/Views/files/editfile.php')
 3 SYSTEMPATH/View/View.php(229): CodeIgniter\View\View->CodeIgniter\View\{closure}()
 4 SYSTEMPATH/Common.php(1188): CodeIgniter\View\View->render('files/editfile', [], true)
 5 APPPATH/Controllers/File.php(83): view('files/editfile', [...])
 6 SYSTEMPATH/CodeIgniter.php(919): App\Controllers\File->editData('16')
 7 SYSTEMPATH/CodeIgniter.php(494): CodeIgniter\CodeIgniter->runController(Object(App\Controllers\File))
 8 SYSTEMPATH/CodeIgniter.php(353): CodeIgniter\CodeIgniter->handleRequest(null, Object(Config\Cache), false)
 9 FCPATH/index.php(80): CodeIgniter\CodeIgniter->run()
CRITICAL - 2023-10-11 19:17:27 --> Undefined variable $row
in APPPATH/Views/files/editfile.php on line 34.
 1 APPPATH/Views/files/editfile.php(34): CodeIgniter\Debug\Exceptions->errorHandler(2, 'Undefined variable $row', '/opt/lampp/htdocs/codeigniter4/app/Views/files/editfile.php', 34)
 2 SYSTEMPATH/View/View.php(226): include('/opt/lampp/htdocs/codeigniter4/app/Views/files/editfile.php')
 3 SYSTEMPATH/View/View.php(229): CodeIgniter\View\View->CodeIgniter\View\{closure}()
 4 SYSTEMPATH/Common.php(1188): CodeIgniter\View\View->render('files/editfile', [], true)
 5 APPPATH/Controllers/File.php(83): view('files/editfile', [...])
 6 SYSTEMPATH/CodeIgniter.php(919): App\Controllers\File->editData('16')
 7 SYSTEMPATH/CodeIgniter.php(494): CodeIgniter\CodeIgniter->runController(Object(App\Controllers\File))
 8 SYSTEMPATH/CodeIgniter.php(353): CodeIgniter\CodeIgniter->handleRequest(null, Object(Config\Cache), false)
 9 FCPATH/index.php(80): CodeIgniter\CodeIgniter->run()
CRITICAL - 2023-10-11 19:17:28 --> Undefined variable $row
in APPPATH/Views/files/editfile.php on line 34.
 1 APPPATH/Views/files/editfile.php(34): CodeIgniter\Debug\Exceptions->errorHandler(2, 'Undefined variable $row', '/opt/lampp/htdocs/codeigniter4/app/Views/files/editfile.php', 34)
 2 SYSTEMPATH/View/View.php(226): include('/opt/lampp/htdocs/codeigniter4/app/Views/files/editfile.php')
 3 SYSTEMPATH/View/View.php(229): CodeIgniter\View\View->CodeIgniter\View\{closure}()
 4 SYSTEMPATH/Common.php(1188): CodeIgniter\View\View->render('files/editfile', [], true)
 5 APPPATH/Controllers/File.php(83): view('files/editfile', [...])
 6 SYSTEMPATH/CodeIgniter.php(919): App\Controllers\File->editData('16')
 7 SYSTEMPATH/CodeIgniter.php(494): CodeIgniter\CodeIgniter->runController(Object(App\Controllers\File))
 8 SYSTEMPATH/CodeIgniter.php(353): CodeIgniter\CodeIgniter->handleRequest(null, Object(Config\Cache), false)
 9 FCPATH/index.php(80): CodeIgniter\CodeIgniter->run()
CRITICAL - 2023-10-11 19:17:28 --> Undefined variable $row
in APPPATH/Views/files/editfile.php on line 34.
 1 APPPATH/Views/files/editfile.php(34): CodeIgniter\Debug\Exceptions->errorHandler(2, 'Undefined variable $row', '/opt/lampp/htdocs/codeigniter4/app/Views/files/editfile.php', 34)
 2 SYSTEMPATH/View/View.php(226): include('/opt/lampp/htdocs/codeigniter4/app/Views/files/editfile.php')
 3 SYSTEMPATH/View/View.php(229): CodeIgniter\View\View->CodeIgniter\View\{closure}()
 4 SYSTEMPATH/Common.php(1188): CodeIgniter\View\View->render('files/editfile', [], true)
 5 APPPATH/Controllers/File.php(83): view('files/editfile', [...])
 6 SYSTEMPATH/CodeIgniter.php(919): App\Controllers\File->editData('16')
 7 SYSTEMPATH/CodeIgniter.php(494): CodeIgniter\CodeIgniter->runController(Object(App\Controllers\File))
 8 SYSTEMPATH/CodeIgniter.php(353): CodeIgniter\CodeIgniter->handleRequest(null, Object(Config\Cache), false)
 9 FCPATH/index.php(80): CodeIgniter\CodeIgniter->run()
CRITICAL - 2023-10-11 19:17:28 --> Undefined variable $row
in APPPATH/Views/files/editfile.php on line 34.
 1 APPPATH/Views/files/editfile.php(34): CodeIgniter\Debug\Exceptions->errorHandler(2, 'Undefined variable $row', '/opt/lampp/htdocs/codeigniter4/app/Views/files/editfile.php', 34)
 2 SYSTEMPATH/View/View.php(226): include('/opt/lampp/htdocs/codeigniter4/app/Views/files/editfile.php')
 3 SYSTEMPATH/View/View.php(229): CodeIgniter\View\View->CodeIgniter\View\{closure}()
 4 SYSTEMPATH/Common.php(1188): CodeIgniter\View\View->render('files/editfile', [], true)
 5 APPPATH/Controllers/File.php(83): view('files/editfile', [...])
 6 SYSTEMPATH/CodeIgniter.php(919): App\Controllers\File->editData('16')
 7 SYSTEMPATH/CodeIgniter.php(494): CodeIgniter\CodeIgniter->runController(Object(App\Controllers\File))
 8 SYSTEMPATH/CodeIgniter.php(353): CodeIgniter\CodeIgniter->handleRequest(null, Object(Config\Cache), false)
 9 FCPATH/index.php(80): CodeIgniter\CodeIgniter->run()
CRITICAL - 2023-10-11 19:17:29 --> Undefined variable $row
in APPPATH/Views/files/editfile.php on line 34.
 1 APPPATH/Views/files/editfile.php(34): CodeIgniter\Debug\Exceptions->errorHandler(2, 'Undefined variable $row', '/opt/lampp/htdocs/codeigniter4/app/Views/files/editfile.php', 34)
 2 SYSTEMPATH/View/View.php(226): include('/opt/lampp/htdocs/codeigniter4/app/Views/files/editfile.php')
 3 SYSTEMPATH/View/View.php(229): CodeIgniter\View\View->CodeIgniter\View\{closure}()
 4 SYSTEMPATH/Common.php(1188): CodeIgniter\View\View->render('files/editfile', [], true)
 5 APPPATH/Controllers/File.php(83): view('files/editfile', [...])
 6 SYSTEMPATH/CodeIgniter.php(919): App\Controllers\File->editData('16')
 7 SYSTEMPATH/CodeIgniter.php(494): CodeIgniter\CodeIgniter->runController(Object(App\Controllers\File))
 8 SYSTEMPATH/CodeIgniter.php(353): CodeIgniter\CodeIgniter->handleRequest(null, Object(Config\Cache), false)
 9 FCPATH/index.php(80): CodeIgniter\CodeIgniter->run()
CRITICAL - 2023-10-11 19:17:29 --> Undefined variable $row
in APPPATH/Views/files/editfile.php on line 34.
 1 APPPATH/Views/files/editfile.php(34): CodeIgniter\Debug\Exceptions->errorHandler(2, 'Undefined variable $row', '/opt/lampp/htdocs/codeigniter4/app/Views/files/editfile.php', 34)
 2 SYSTEMPATH/View/View.php(226): include('/opt/lampp/htdocs/codeigniter4/app/Views/files/editfile.php')
 3 SYSTEMPATH/View/View.php(229): CodeIgniter\View\View->CodeIgniter\View\{closure}()
 4 SYSTEMPATH/Common.php(1188): CodeIgniter\View\View->render('files/editfile', [], true)
 5 APPPATH/Controllers/File.php(83): view('files/editfile', [...])
 6 SYSTEMPATH/CodeIgniter.php(919): App\Controllers\File->editData('16')
 7 SYSTEMPATH/CodeIgniter.php(494): CodeIgniter\CodeIgniter->runController(Object(App\Controllers\File))
 8 SYSTEMPATH/CodeIgniter.php(353): CodeIgniter\CodeIgniter->handleRequest(null, Object(Config\Cache), false)
 9 FCPATH/index.php(80): CodeIgniter\CodeIgniter->run()
CRITICAL - 2023-10-11 19:21:03 --> Undefined variable $file
in APPPATH/Views/files/editfile.php on line 59.
 1 APPPATH/Views/files/editfile.php(59): CodeIgniter\Debug\Exceptions->errorHandler(2, 'Undefined variable $file', '/opt/lampp/htdocs/codeigniter4/app/Views/files/editfile.php', 59)
 2 SYSTEMPATH/View/View.php(226): include('/opt/lampp/htdocs/codeigniter4/app/Views/files/editfile.php')
 3 SYSTEMPATH/View/View.php(229): CodeIgniter\View\View->CodeIgniter\View\{closure}()
 4 SYSTEMPATH/Common.php(1188): CodeIgniter\View\View->render('files/editfile', [], true)
 5 APPPATH/Controllers/File.php(83): view('files/editfile', [...])
 6 SYSTEMPATH/CodeIgniter.php(919): App\Controllers\File->editData('17')
 7 SYSTEMPATH/CodeIgniter.php(494): CodeIgniter\CodeIgniter->runController(Object(App\Controllers\File))
 8 SYSTEMPATH/CodeIgniter.php(353): CodeIgniter\CodeIgniter->handleRequest(null, Object(Config\Cache), false)
 9 FCPATH/index.php(80): CodeIgniter\CodeIgniter->run()
CRITICAL - 2023-10-11 19:21:14 --> Undefined variable $file
in APPPATH/Views/files/editfile.php on line 59.
 1 APPPATH/Views/files/editfile.php(59): CodeIgniter\Debug\Exceptions->errorHandler(2, 'Undefined variable $file', '/opt/lampp/htdocs/codeigniter4/app/Views/files/editfile.php', 59)
 2 SYSTEMPATH/View/View.php(226): include('/opt/lampp/htdocs/codeigniter4/app/Views/files/editfile.php')
 3 SYSTEMPATH/View/View.php(229): CodeIgniter\View\View->CodeIgniter\View\{closure}()
 4 SYSTEMPATH/Common.php(1188): CodeIgniter\View\View->render('files/editfile', [], true)
 5 APPPATH/Controllers/File.php(83): view('files/editfile', [...])
 6 SYSTEMPATH/CodeIgniter.php(919): App\Controllers\File->editData('16')
 7 SYSTEMPATH/CodeIgniter.php(494): CodeIgniter\CodeIgniter->runController(Object(App\Controllers\File))
 8 SYSTEMPATH/CodeIgniter.php(353): CodeIgniter\CodeIgniter->handleRequest(null, Object(Config\Cache), false)
 9 FCPATH/index.php(80): CodeIgniter\CodeIgniter->run()
CRITICAL - 2023-10-11 19:30:16 --> Undefined variable $file
in APPPATH/Views/files/editfile.php on line 59.
 1 APPPATH/Views/files/editfile.php(59): CodeIgniter\Debug\Exceptions->errorHandler(2, 'Undefined variable $file', '/opt/lampp/htdocs/codeigniter4/app/Views/files/editfile.php', 59)
 2 SYSTEMPATH/View/View.php(226): include('/opt/lampp/htdocs/codeigniter4/app/Views/files/editfile.php')
 3 SYSTEMPATH/View/View.php(229): CodeIgniter\View\View->CodeIgniter\View\{closure}()
 4 SYSTEMPATH/Common.php(1188): CodeIgniter\View\View->render('files/editfile', [], true)
 5 APPPATH/Controllers/File.php(83): view('files/editfile', [...])
 6 SYSTEMPATH/CodeIgniter.php(919): App\Controllers\File->editData('18')
 7 SYSTEMPATH/CodeIgniter.php(494): CodeIgniter\CodeIgniter->runController(Object(App\Controllers\File))
 8 SYSTEMPATH/CodeIgniter.php(353): CodeIgniter\CodeIgniter->handleRequest(null, Object(Config\Cache), false)
 9 FCPATH/index.php(80): CodeIgniter\CodeIgniter->run()
CRITICAL - 2023-10-11 19:31:06 --> Undefined variable $file
in APPPATH/Views/files/editfile.php on line 59.
 1 APPPATH/Views/files/editfile.php(59): CodeIgniter\Debug\Exceptions->errorHandler(2, 'Undefined variable $file', '/opt/lampp/htdocs/codeigniter4/app/Views/files/editfile.php', 59)
 2 SYSTEMPATH/View/View.php(226): include('/opt/lampp/htdocs/codeigniter4/app/Views/files/editfile.php')
 3 SYSTEMPATH/View/View.php(229): CodeIgniter\View\View->CodeIgniter\View\{closure}()
 4 SYSTEMPATH/Common.php(1188): CodeIgniter\View\View->render('files/editfile', [], true)
 5 APPPATH/Controllers/File.php(83): view('files/editfile', [...])
 6 SYSTEMPATH/CodeIgniter.php(919): App\Controllers\File->editData('18')
 7 SYSTEMPATH/CodeIgniter.php(494): CodeIgniter\CodeIgniter->runController(Object(App\Controllers\File))
 8 SYSTEMPATH/CodeIgniter.php(353): CodeIgniter\CodeIgniter->handleRequest(null, Object(Config\Cache), false)
 9 FCPATH/index.php(80): CodeIgniter\CodeIgniter->run()
CRITICAL - 2023-10-11 19:31:07 --> Undefined variable $file
in APPPATH/Views/files/editfile.php on line 59.
 1 APPPATH/Views/files/editfile.php(59): CodeIgniter\Debug\Exceptions->errorHandler(2, 'Undefined variable $file', '/opt/lampp/htdocs/codeigniter4/app/Views/files/editfile.php', 59)
 2 SYSTEMPATH/View/View.php(226): include('/opt/lampp/htdocs/codeigniter4/app/Views/files/editfile.php')
 3 SYSTEMPATH/View/View.php(229): CodeIgniter\View\View->CodeIgniter\View\{closure}()
 4 SYSTEMPATH/Common.php(1188): CodeIgniter\View\View->render('files/editfile', [], true)
 5 APPPATH/Controllers/File.php(83): view('files/editfile', [...])
 6 SYSTEMPATH/CodeIgniter.php(919): App\Controllers\File->editData('18')
 7 SYSTEMPATH/CodeIgniter.php(494): CodeIgniter\CodeIgniter->runController(Object(App\Controllers\File))
 8 SYSTEMPATH/CodeIgniter.php(353): CodeIgniter\CodeIgniter->handleRequest(null, Object(Config\Cache), false)
 9 FCPATH/index.php(80): CodeIgniter\CodeIgniter->run()
CRITICAL - 2023-10-11 19:31:07 --> Undefined variable $file
in APPPATH/Views/files/editfile.php on line 59.
 1 APPPATH/Views/files/editfile.php(59): CodeIgniter\Debug\Exceptions->errorHandler(2, 'Undefined variable $file', '/opt/lampp/htdocs/codeigniter4/app/Views/files/editfile.php', 59)
 2 SYSTEMPATH/View/View.php(226): include('/opt/lampp/htdocs/codeigniter4/app/Views/files/editfile.php')
 3 SYSTEMPATH/View/View.php(229): CodeIgniter\View\View->CodeIgniter\View\{closure}()
 4 SYSTEMPATH/Common.php(1188): CodeIgniter\View\View->render('files/editfile', [], true)
 5 APPPATH/Controllers/File.php(83): view('files/editfile', [...])
 6 SYSTEMPATH/CodeIgniter.php(919): App\Controllers\File->editData('18')
 7 SYSTEMPATH/CodeIgniter.php(494): CodeIgniter\CodeIgniter->runController(Object(App\Controllers\File))
 8 SYSTEMPATH/CodeIgniter.php(353): CodeIgniter\CodeIgniter->handleRequest(null, Object(Config\Cache), false)
 9 FCPATH/index.php(80): CodeIgniter\CodeIgniter->run()
CRITICAL - 2023-10-11 19:31:08 --> Undefined variable $file
in APPPATH/Views/files/editfile.php on line 59.
 1 APPPATH/Views/files/editfile.php(59): CodeIgniter\Debug\Exceptions->errorHandler(2, 'Undefined variable $file', '/opt/lampp/htdocs/codeigniter4/app/Views/files/editfile.php', 59)
 2 SYSTEMPATH/View/View.php(226): include('/opt/lampp/htdocs/codeigniter4/app/Views/files/editfile.php')
 3 SYSTEMPATH/View/View.php(229): CodeIgniter\View\View->CodeIgniter\View\{closure}()
 4 SYSTEMPATH/Common.php(1188): CodeIgniter\View\View->render('files/editfile', [], true)
 5 APPPATH/Controllers/File.php(83): view('files/editfile', [...])
 6 SYSTEMPATH/CodeIgniter.php(919): App\Controllers\File->editData('18')
 7 SYSTEMPATH/CodeIgniter.php(494): CodeIgniter\CodeIgniter->runController(Object(App\Controllers\File))
 8 SYSTEMPATH/CodeIgniter.php(353): CodeIgniter\CodeIgniter->handleRequest(null, Object(Config\Cache), false)
 9 FCPATH/index.php(80): CodeIgniter\CodeIgniter->run()
CRITICAL - 2023-10-11 19:31:09 --> Undefined variable $file
in APPPATH/Views/files/editfile.php on line 59.
 1 APPPATH/Views/files/editfile.php(59): CodeIgniter\Debug\Exceptions->errorHandler(2, 'Undefined variable $file', '/opt/lampp/htdocs/codeigniter4/app/Views/files/editfile.php', 59)
 2 SYSTEMPATH/View/View.php(226): include('/opt/lampp/htdocs/codeigniter4/app/Views/files/editfile.php')
 3 SYSTEMPATH/View/View.php(229): CodeIgniter\View\View->CodeIgniter\View\{closure}()
 4 SYSTEMPATH/Common.php(1188): CodeIgniter\View\View->render('files/editfile', [], true)
 5 APPPATH/Controllers/File.php(83): view('files/editfile', [...])
 6 SYSTEMPATH/CodeIgniter.php(919): App\Controllers\File->editData('18')
 7 SYSTEMPATH/CodeIgniter.php(494): CodeIgniter\CodeIgniter->runController(Object(App\Controllers\File))
 8 SYSTEMPATH/CodeIgniter.php(353): CodeIgniter\CodeIgniter->handleRequest(null, Object(Config\Cache), false)
 9 FCPATH/index.php(80): CodeIgniter\CodeIgniter->run()
