CRITICAL - 2023-10-12 11:19:08 --> Undefined variable $row
in APPPATH/Views/files/editfile.php on line 51.
 1 APPPATH/Views/files/editfile.php(51): CodeIgniter\Debug\Exceptions->errorHandler(2, 'Undefined variable $row', '/opt/lampp/htdocs/codeigniter4/app/Views/files/editfile.php', 51)
 2 SYSTEMPATH/View/View.php(226): include('/opt/lampp/htdocs/codeigniter4/app/Views/files/editfile.php')
 3 SYSTEMPATH/View/View.php(229): CodeIgniter\View\View->CodeIgniter\View\{closure}()
 4 SYSTEMPATH/Common.php(1188): CodeIgniter\View\View->render('files/editfile', [], true)
 5 APPPATH/Controllers/File.php(83): view('files/editfile', [...])
 6 SYSTEMPATH/CodeIgniter.php(919): App\Controllers\File->editData('16')
 7 SYSTEMPATH/CodeIgniter.php(494): CodeIgniter\CodeIgniter->runController(Object(App\Controllers\File))
 8 SYSTEMPATH/CodeIgniter.php(353): CodeIgniter\CodeIgniter->handleRequest(null, Object(Config\Cache), false)
 9 FCPATH/index.php(80): CodeIgniter\CodeIgniter->run()
ERROR - 2023-10-12 12:21:32 --> mysqli_sql_exception: Table 'akdcenter.tbl_file' doesn't exist in /opt/lampp/htdocs/codeigniter4/system/Database/MySQLi/Connection.php:306
Stack trace:
#0 /opt/lampp/htdocs/codeigniter4/system/Database/MySQLi/Connection.php(306): mysqli->query('UPDATE `tbl_fil...', 0)
#1 /opt/lampp/htdocs/codeigniter4/system/Database/BaseConnection.php(692): CodeIgniter\Database\MySQLi\Connection->execute('UPDATE `tbl_fil...')
#2 /opt/lampp/htdocs/codeigniter4/system/Database/BaseConnection.php(606): CodeIgniter\Database\BaseConnection->simpleQuery('UPDATE `tbl_fil...')
#3 /opt/lampp/htdocs/codeigniter4/system/Database/BaseBuilder.php(2475): CodeIgniter\Database\BaseConnection->query('UPDATE `tbl_fil...', Array, false)
#4 /opt/lampp/htdocs/codeigniter4/app/Models/FileModel.php(49): CodeIgniter\Database\BaseBuilder->update()
#5 /opt/lampp/htdocs/codeigniter4/app/Controllers/File.php(132): App\Models\FileModel->updateData('16', Array)
#6 /opt/lampp/htdocs/codeigniter4/system/CodeIgniter.php(919): App\Controllers\File->updateData('16')
#7 /opt/lampp/htdocs/codeigniter4/system/CodeIgniter.php(494): CodeIgniter\CodeIgniter->runController(Object(App\Controllers\File))
#8 /opt/lampp/htdocs/codeigniter4/system/CodeIgniter.php(353): CodeIgniter\CodeIgniter->handleRequest(NULL, Object(Config\Cache), false)
#9 /opt/lampp/htdocs/codeigniter4/index.php(80): CodeIgniter\CodeIgniter->run()
#10 {main}
CRITICAL - 2023-10-12 12:21:32 --> Table 'akdcenter.tbl_file' doesn't exist
in SYSTEMPATH/Database/BaseConnection.php on line 646.
 1 SYSTEMPATH/Database/BaseBuilder.php(2475): CodeIgniter\Database\BaseConnection->query('UPDATE `tbl_file` SET `cat_id` = :cat_id:, `file_title` = :file_title:, `is_news` = :is_news:, `modified_by` = :modified_by:, `modified_at` = :modified_at:
WHERE `id` = :id:', [...], false)
 2 APPPATH/Models/FileModel.php(49): CodeIgniter\Database\BaseBuilder->update()
 3 APPPATH/Controllers/File.php(132): App\Models\FileModel->updateData('16', [...])
 4 SYSTEMPATH/CodeIgniter.php(919): App\Controllers\File->updateData('16')
 5 SYSTEMPATH/CodeIgniter.php(494): CodeIgniter\CodeIgniter->runController(Object(App\Controllers\File))
 6 SYSTEMPATH/CodeIgniter.php(353): CodeIgniter\CodeIgniter->handleRequest(null, Object(Config\Cache), false)
 7 FCPATH/index.php(80): CodeIgniter\CodeIgniter->run()
INFO - 2023-10-12 12:22:12 --> Session: Class initialized using 'CodeIgniter\Session\Handlers\FileHandler' driver.
INFO - 2023-10-12 12:22:23 --> Session: Class initialized using 'CodeIgniter\Session\Handlers\FileHandler' driver.
INFO - 2023-10-12 12:22:42 --> Session: Class initialized using 'CodeIgniter\Session\Handlers\FileHandler' driver.
INFO - 2023-10-12 12:24:12 --> Session: Class initialized using 'CodeIgniter\Session\Handlers\FileHandler' driver.
ERROR - 2023-10-12 12:28:50 --> mysqli_sql_exception: Unknown column 'active' in 'where clause' in /opt/lampp/htdocs/codeigniter4/system/Database/MySQLi/Connection.php:306
Stack trace:
#0 /opt/lampp/htdocs/codeigniter4/system/Database/MySQLi/Connection.php(306): mysqli->query('SELECT * FROM t...', 0)
#1 /opt/lampp/htdocs/codeigniter4/system/Database/BaseConnection.php(692): CodeIgniter\Database\MySQLi\Connection->execute('SELECT * FROM t...')
#2 /opt/lampp/htdocs/codeigniter4/system/Database/BaseConnection.php(606): CodeIgniter\Database\BaseConnection->simpleQuery('SELECT * FROM t...')
#3 /opt/lampp/htdocs/codeigniter4/app/Models/FileModel.php(12): CodeIgniter\Database\BaseConnection->query('SELECT * FROM t...')
#4 /opt/lampp/htdocs/codeigniter4/app/Controllers/File.php(12): App\Models\FileModel->getCatData()
#5 /opt/lampp/htdocs/codeigniter4/system/CodeIgniter.php(919): App\Controllers\File->create()
#6 /opt/lampp/htdocs/codeigniter4/system/CodeIgniter.php(494): CodeIgniter\CodeIgniter->runController(Object(App\Controllers\File))
#7 /opt/lampp/htdocs/codeigniter4/system/CodeIgniter.php(353): CodeIgniter\CodeIgniter->handleRequest(NULL, Object(Config\Cache), false)
#8 /opt/lampp/htdocs/codeigniter4/index.php(80): CodeIgniter\CodeIgniter->run()
#9 {main}
CRITICAL - 2023-10-12 12:28:50 --> Unknown column 'active' in 'where clause'
in SYSTEMPATH/Database/BaseConnection.php on line 646.
 1 APPPATH/Models/FileModel.php(12): CodeIgniter\Database\BaseConnection->query('SELECT * FROM tbl_category WHERE status = active')
 2 APPPATH/Controllers/File.php(12): App\Models\FileModel->getCatData()
 3 SYSTEMPATH/CodeIgniter.php(919): App\Controllers\File->create()
 4 SYSTEMPATH/CodeIgniter.php(494): CodeIgniter\CodeIgniter->runController(Object(App\Controllers\File))
 5 SYSTEMPATH/CodeIgniter.php(353): CodeIgniter\CodeIgniter->handleRequest(null, Object(Config\Cache), false)
 6 FCPATH/index.php(80): CodeIgniter\CodeIgniter->run()
ERROR - 2023-10-12 12:29:17 --> mysqli_sql_exception: Unknown column 'banner_status' in 'where clause' in /opt/lampp/htdocs/codeigniter4/system/Database/MySQLi/Connection.php:306
Stack trace:
#0 /opt/lampp/htdocs/codeigniter4/system/Database/MySQLi/Connection.php(306): mysqli->query('SELECT * FROM t...', 0)
#1 /opt/lampp/htdocs/codeigniter4/system/Database/BaseConnection.php(692): CodeIgniter\Database\MySQLi\Connection->execute('SELECT * FROM t...')
#2 /opt/lampp/htdocs/codeigniter4/system/Database/BaseConnection.php(606): CodeIgniter\Database\BaseConnection->simpleQuery('SELECT * FROM t...')
#3 /opt/lampp/htdocs/codeigniter4/app/Models/FileModel.php(12): CodeIgniter\Database\BaseConnection->query('SELECT * FROM t...')
#4 /opt/lampp/htdocs/codeigniter4/app/Controllers/File.php(12): App\Models\FileModel->getCatData()
#5 /opt/lampp/htdocs/codeigniter4/system/CodeIgniter.php(919): App\Controllers\File->create()
#6 /opt/lampp/htdocs/codeigniter4/system/CodeIgniter.php(494): CodeIgniter\CodeIgniter->runController(Object(App\Controllers\File))
#7 /opt/lampp/htdocs/codeigniter4/system/CodeIgniter.php(353): CodeIgniter\CodeIgniter->handleRequest(NULL, Object(Config\Cache), false)
#8 /opt/lampp/htdocs/codeigniter4/index.php(80): CodeIgniter\CodeIgniter->run()
#9 {main}
CRITICAL - 2023-10-12 12:29:17 --> Unknown column 'banner_status' in 'where clause'
in SYSTEMPATH/Database/BaseConnection.php on line 646.
 1 APPPATH/Models/FileModel.php(12): CodeIgniter\Database\BaseConnection->query('SELECT * FROM tbl_category WHERE banner_status = active')
 2 APPPATH/Controllers/File.php(12): App\Models\FileModel->getCatData()
 3 SYSTEMPATH/CodeIgniter.php(919): App\Controllers\File->create()
 4 SYSTEMPATH/CodeIgniter.php(494): CodeIgniter\CodeIgniter->runController(Object(App\Controllers\File))
 5 SYSTEMPATH/CodeIgniter.php(353): CodeIgniter\CodeIgniter->handleRequest(null, Object(Config\Cache), false)
 6 FCPATH/index.php(80): CodeIgniter\CodeIgniter->run()
ERROR - 2023-10-12 12:32:20 --> mysqli_sql_exception: Unknown column 'active' in 'where clause' in /opt/lampp/htdocs/codeigniter4/system/Database/MySQLi/Connection.php:306
Stack trace:
#0 /opt/lampp/htdocs/codeigniter4/system/Database/MySQLi/Connection.php(306): mysqli->query('SELECT * FROM t...', 0)
#1 /opt/lampp/htdocs/codeigniter4/system/Database/BaseConnection.php(692): CodeIgniter\Database\MySQLi\Connection->execute('SELECT * FROM t...')
#2 /opt/lampp/htdocs/codeigniter4/system/Database/BaseConnection.php(606): CodeIgniter\Database\BaseConnection->simpleQuery('SELECT * FROM t...')
#3 /opt/lampp/htdocs/codeigniter4/app/Models/BannerModel.php(21): CodeIgniter\Database\BaseConnection->query('SELECT * FROM t...')
#4 /opt/lampp/htdocs/codeigniter4/app/Controllers/Banner.php(63): App\Models\BannerModel->getData()
#5 /opt/lampp/htdocs/codeigniter4/system/CodeIgniter.php(919): App\Controllers\Banner->viewData()
#6 /opt/lampp/htdocs/codeigniter4/system/CodeIgniter.php(494): CodeIgniter\CodeIgniter->runController(Object(App\Controllers\Banner))
#7 /opt/lampp/htdocs/codeigniter4/system/CodeIgniter.php(353): CodeIgniter\CodeIgniter->handleRequest(NULL, Object(Config\Cache), false)
#8 /opt/lampp/htdocs/codeigniter4/index.php(80): CodeIgniter\CodeIgniter->run()
#9 {main}
CRITICAL - 2023-10-12 12:32:20 --> Unknown column 'active' in 'where clause'
in SYSTEMPATH/Database/BaseConnection.php on line 646.
 1 APPPATH/Models/BannerModel.php(21): CodeIgniter\Database\BaseConnection->query('SELECT * FROM tbl_banner WHERE banner_status = active')
 2 APPPATH/Controllers/Banner.php(63): App\Models\BannerModel->getData()
 3 SYSTEMPATH/CodeIgniter.php(919): App\Controllers\Banner->viewData()
 4 SYSTEMPATH/CodeIgniter.php(494): CodeIgniter\CodeIgniter->runController(Object(App\Controllers\Banner))
 5 SYSTEMPATH/CodeIgniter.php(353): CodeIgniter\CodeIgniter->handleRequest(null, Object(Config\Cache), false)
 6 FCPATH/index.php(80): CodeIgniter\CodeIgniter->run()
INFO - 2023-10-12 12:37:19 --> Session: Class initialized using 'CodeIgniter\Session\Handlers\FileHandler' driver.
INFO - 2023-10-12 12:38:00 --> Session: Class initialized using 'CodeIgniter\Session\Handlers\FileHandler' driver.
INFO - 2023-10-12 12:38:09 --> Session: Class initialized using 'CodeIgniter\Session\Handlers\FileHandler' driver.
INFO - 2023-10-12 12:42:05 --> Session: Class initialized using 'CodeIgniter\Session\Handlers\FileHandler' driver.
ERROR - 2023-10-12 12:44:25 --> mysqli_sql_exception: Column 'status' in where clause is ambiguous in /opt/lampp/htdocs/codeigniter4/system/Database/MySQLi/Connection.php:306
Stack trace:
#0 /opt/lampp/htdocs/codeigniter4/system/Database/MySQLi/Connection.php(306): mysqli->query('SELECT tbl_cate...', 0)
#1 /opt/lampp/htdocs/codeigniter4/system/Database/BaseConnection.php(692): CodeIgniter\Database\MySQLi\Connection->execute('SELECT tbl_cate...')
#2 /opt/lampp/htdocs/codeigniter4/system/Database/BaseConnection.php(606): CodeIgniter\Database\BaseConnection->simpleQuery('SELECT tbl_cate...')
#3 /opt/lampp/htdocs/codeigniter4/app/Models/FileModel.php(32): CodeIgniter\Database\BaseConnection->query('SELECT tbl_cate...')
#4 /opt/lampp/htdocs/codeigniter4/app/Controllers/File.php(74): App\Models\FileModel->getData()
#5 /opt/lampp/htdocs/codeigniter4/system/CodeIgniter.php(919): App\Controllers\File->viewData()
#6 /opt/lampp/htdocs/codeigniter4/system/CodeIgniter.php(494): CodeIgniter\CodeIgniter->runController(Object(App\Controllers\File))
#7 /opt/lampp/htdocs/codeigniter4/system/CodeIgniter.php(353): CodeIgniter\CodeIgniter->handleRequest(NULL, Object(Config\Cache), false)
#8 /opt/lampp/htdocs/codeigniter4/index.php(80): CodeIgniter\CodeIgniter->run()
#9 {main}
CRITICAL - 2023-10-12 12:44:25 --> Column 'status' in where clause is ambiguous
in SYSTEMPATH/Database/BaseConnection.php on line 646.
 1 APPPATH/Models/FileModel.php(32): CodeIgniter\Database\BaseConnection->query('SELECT tbl_category.id AS category_id, tbl_category.cat_name, tbl_files.* 
            FROM tbl_files
            JOIN tbl_category ON tbl_files.cat_id = tbl_category.id
            WHERE status = \'active\'')
 2 APPPATH/Controllers/File.php(74): App\Models\FileModel->getData()
 3 SYSTEMPATH/CodeIgniter.php(919): App\Controllers\File->viewData()
 4 SYSTEMPATH/CodeIgniter.php(494): CodeIgniter\CodeIgniter->runController(Object(App\Controllers\File))
 5 SYSTEMPATH/CodeIgniter.php(353): CodeIgniter\CodeIgniter->handleRequest(null, Object(Config\Cache), false)
 6 FCPATH/index.php(80): CodeIgniter\CodeIgniter->run()
INFO - 2023-10-12 13:01:01 --> Session: Class initialized using 'CodeIgniter\Session\Handlers\FileHandler' driver.
INFO - 2023-10-12 13:03:16 --> Session: Class initialized using 'CodeIgniter\Session\Handlers\FileHandler' driver.
INFO - 2023-10-12 13:08:26 --> Session: Class initialized using 'CodeIgniter\Session\Handlers\FileHandler' driver.
INFO - 2023-10-12 13:09:19 --> Session: Class initialized using 'CodeIgniter\Session\Handlers\FileHandler' driver.
INFO - 2023-10-12 13:09:46 --> Session: Class initialized using 'CodeIgniter\Session\Handlers\FileHandler' driver.
INFO - 2023-10-12 13:22:38 --> Session: Class initialized using 'CodeIgniter\Session\Handlers\FileHandler' driver.
INFO - 2023-10-12 13:22:49 --> Session: Class initialized using 'CodeIgniter\Session\Handlers\FileHandler' driver.
INFO - 2023-10-12 13:23:00 --> Session: Class initialized using 'CodeIgniter\Session\Handlers\FileHandler' driver.
CRITICAL - 2023-10-12 14:39:49 --> Too few arguments to function App\Controllers\File::editData(), 0 passed in /opt/lampp/htdocs/codeigniter4/system/CodeIgniter.php on line 919 and exactly 1 expected
in APPPATH/Controllers/File.php on line 78.
 1 SYSTEMPATH/CodeIgniter.php(919): App\Controllers\File->editData()
 2 SYSTEMPATH/CodeIgniter.php(494): CodeIgniter\CodeIgniter->runController(Object(App\Controllers\File))
 3 SYSTEMPATH/CodeIgniter.php(353): CodeIgniter\CodeIgniter->handleRequest(null, Object(Config\Cache), false)
 4 FCPATH/index.php(80): CodeIgniter\CodeIgniter->run()
CRITICAL - 2023-10-12 14:43:07 --> Undefined variable $data
in APPPATH/Views/settings/editsetting.php on line 31.
 1 APPPATH/Views/settings/editsetting.php(31): CodeIgniter\Debug\Exceptions->errorHandler(2, 'Undefined variable $data', '/opt/lampp/htdocs/codeigniter4/app/Views/settings/editsetting.php', 31)
 2 SYSTEMPATH/View/View.php(226): include('/opt/lampp/htdocs/codeigniter4/app/Views/settings/editsetting.php')
 3 SYSTEMPATH/View/View.php(229): CodeIgniter\View\View->CodeIgniter\View\{closure}()
 4 SYSTEMPATH/Common.php(1188): CodeIgniter\View\View->render('settings/editsetting', [], true)
 5 APPPATH/Controllers/Setting.php(13): view('settings/editsetting')
 6 SYSTEMPATH/CodeIgniter.php(919): App\Controllers\Setting->editData()
 7 SYSTEMPATH/CodeIgniter.php(494): CodeIgniter\CodeIgniter->runController(Object(App\Controllers\Setting))
 8 SYSTEMPATH/CodeIgniter.php(353): CodeIgniter\CodeIgniter->handleRequest(null, Object(Config\Cache), false)
 9 FCPATH/index.php(80): CodeIgniter\CodeIgniter->run()
CRITICAL - 2023-10-12 14:50:24 --> Undefined variable $data
in APPPATH/Views/settings/editsetting.php on line 31.
 1 APPPATH/Views/settings/editsetting.php(31): CodeIgniter\Debug\Exceptions->errorHandler(2, 'Undefined variable $data', '/opt/lampp/htdocs/codeigniter4/app/Views/settings/editsetting.php', 31)
 2 SYSTEMPATH/View/View.php(226): include('/opt/lampp/htdocs/codeigniter4/app/Views/settings/editsetting.php')
 3 SYSTEMPATH/View/View.php(229): CodeIgniter\View\View->CodeIgniter\View\{closure}()
 4 SYSTEMPATH/Common.php(1188): CodeIgniter\View\View->render('settings/editsetting', [], true)
 5 APPPATH/Controllers/Setting.php(13): view('settings/editsetting')
 6 SYSTEMPATH/CodeIgniter.php(919): App\Controllers\Setting->editData()
 7 SYSTEMPATH/CodeIgniter.php(494): CodeIgniter\CodeIgniter->runController(Object(App\Controllers\Setting))
 8 SYSTEMPATH/CodeIgniter.php(353): CodeIgniter\CodeIgniter->handleRequest(null, Object(Config\Cache), false)
 9 FCPATH/index.php(80): CodeIgniter\CodeIgniter->run()
CRITICAL - 2023-10-12 14:50:58 --> Undefined variable $data
in APPPATH/Views/settings/editsetting.php on line 35.
 1 APPPATH/Views/settings/editsetting.php(35): CodeIgniter\Debug\Exceptions->errorHandler(2, 'Undefined variable $data', '/opt/lampp/htdocs/codeigniter4/app/Views/settings/editsetting.php', 35)
 2 SYSTEMPATH/View/View.php(226): include('/opt/lampp/htdocs/codeigniter4/app/Views/settings/editsetting.php')
 3 SYSTEMPATH/View/View.php(229): CodeIgniter\View\View->CodeIgniter\View\{closure}()
 4 SYSTEMPATH/Common.php(1188): CodeIgniter\View\View->render('settings/editsetting', [], true)
 5 APPPATH/Controllers/Setting.php(13): view('settings/editsetting')
 6 SYSTEMPATH/CodeIgniter.php(919): App\Controllers\Setting->editData()
 7 SYSTEMPATH/CodeIgniter.php(494): CodeIgniter\CodeIgniter->runController(Object(App\Controllers\Setting))
 8 SYSTEMPATH/CodeIgniter.php(353): CodeIgniter\CodeIgniter->handleRequest(null, Object(Config\Cache), false)
 9 FCPATH/index.php(80): CodeIgniter\CodeIgniter->run()
CRITICAL - 2023-10-12 14:50:59 --> Undefined variable $data
in APPPATH/Views/settings/editsetting.php on line 35.
 1 APPPATH/Views/settings/editsetting.php(35): CodeIgniter\Debug\Exceptions->errorHandler(2, 'Undefined variable $data', '/opt/lampp/htdocs/codeigniter4/app/Views/settings/editsetting.php', 35)
 2 SYSTEMPATH/View/View.php(226): include('/opt/lampp/htdocs/codeigniter4/app/Views/settings/editsetting.php')
 3 SYSTEMPATH/View/View.php(229): CodeIgniter\View\View->CodeIgniter\View\{closure}()
 4 SYSTEMPATH/Common.php(1188): CodeIgniter\View\View->render('settings/editsetting', [], true)
 5 APPPATH/Controllers/Setting.php(13): view('settings/editsetting')
 6 SYSTEMPATH/CodeIgniter.php(919): App\Controllers\Setting->editData()
 7 SYSTEMPATH/CodeIgniter.php(494): CodeIgniter\CodeIgniter->runController(Object(App\Controllers\Setting))
 8 SYSTEMPATH/CodeIgniter.php(353): CodeIgniter\CodeIgniter->handleRequest(null, Object(Config\Cache), false)
 9 FCPATH/index.php(80): CodeIgniter\CodeIgniter->run()
CRITICAL - 2023-10-12 14:50:59 --> Undefined variable $data
in APPPATH/Views/settings/editsetting.php on line 35.
 1 APPPATH/Views/settings/editsetting.php(35): CodeIgniter\Debug\Exceptions->errorHandler(2, 'Undefined variable $data', '/opt/lampp/htdocs/codeigniter4/app/Views/settings/editsetting.php', 35)
 2 SYSTEMPATH/View/View.php(226): include('/opt/lampp/htdocs/codeigniter4/app/Views/settings/editsetting.php')
 3 SYSTEMPATH/View/View.php(229): CodeIgniter\View\View->CodeIgniter\View\{closure}()
 4 SYSTEMPATH/Common.php(1188): CodeIgniter\View\View->render('settings/editsetting', [], true)
 5 APPPATH/Controllers/Setting.php(13): view('settings/editsetting')
 6 SYSTEMPATH/CodeIgniter.php(919): App\Controllers\Setting->editData()
 7 SYSTEMPATH/CodeIgniter.php(494): CodeIgniter\CodeIgniter->runController(Object(App\Controllers\Setting))
 8 SYSTEMPATH/CodeIgniter.php(353): CodeIgniter\CodeIgniter->handleRequest(null, Object(Config\Cache), false)
 9 FCPATH/index.php(80): CodeIgniter\CodeIgniter->run()
CRITICAL - 2023-10-12 14:51:00 --> Undefined variable $data
in APPPATH/Views/settings/editsetting.php on line 35.
 1 APPPATH/Views/settings/editsetting.php(35): CodeIgniter\Debug\Exceptions->errorHandler(2, 'Undefined variable $data', '/opt/lampp/htdocs/codeigniter4/app/Views/settings/editsetting.php', 35)
 2 SYSTEMPATH/View/View.php(226): include('/opt/lampp/htdocs/codeigniter4/app/Views/settings/editsetting.php')
 3 SYSTEMPATH/View/View.php(229): CodeIgniter\View\View->CodeIgniter\View\{closure}()
 4 SYSTEMPATH/Common.php(1188): CodeIgniter\View\View->render('settings/editsetting', [], true)
 5 APPPATH/Controllers/Setting.php(13): view('settings/editsetting')
 6 SYSTEMPATH/CodeIgniter.php(919): App\Controllers\Setting->editData()
 7 SYSTEMPATH/CodeIgniter.php(494): CodeIgniter\CodeIgniter->runController(Object(App\Controllers\Setting))
 8 SYSTEMPATH/CodeIgniter.php(353): CodeIgniter\CodeIgniter->handleRequest(null, Object(Config\Cache), false)
 9 FCPATH/index.php(80): CodeIgniter\CodeIgniter->run()
CRITICAL - 2023-10-12 14:51:00 --> Undefined variable $data
in APPPATH/Views/settings/editsetting.php on line 35.
 1 APPPATH/Views/settings/editsetting.php(35): CodeIgniter\Debug\Exceptions->errorHandler(2, 'Undefined variable $data', '/opt/lampp/htdocs/codeigniter4/app/Views/settings/editsetting.php', 35)
 2 SYSTEMPATH/View/View.php(226): include('/opt/lampp/htdocs/codeigniter4/app/Views/settings/editsetting.php')
 3 SYSTEMPATH/View/View.php(229): CodeIgniter\View\View->CodeIgniter\View\{closure}()
 4 SYSTEMPATH/Common.php(1188): CodeIgniter\View\View->render('settings/editsetting', [], true)
 5 APPPATH/Controllers/Setting.php(13): view('settings/editsetting')
 6 SYSTEMPATH/CodeIgniter.php(919): App\Controllers\Setting->editData()
 7 SYSTEMPATH/CodeIgniter.php(494): CodeIgniter\CodeIgniter->runController(Object(App\Controllers\Setting))
 8 SYSTEMPATH/CodeIgniter.php(353): CodeIgniter\CodeIgniter->handleRequest(null, Object(Config\Cache), false)
 9 FCPATH/index.php(80): CodeIgniter\CodeIgniter->run()
CRITICAL - 2023-10-12 14:51:03 --> Undefined variable $data
in APPPATH/Views/settings/editsetting.php on line 35.
 1 APPPATH/Views/settings/editsetting.php(35): CodeIgniter\Debug\Exceptions->errorHandler(2, 'Undefined variable $data', '/opt/lampp/htdocs/codeigniter4/app/Views/settings/editsetting.php', 35)
 2 SYSTEMPATH/View/View.php(226): include('/opt/lampp/htdocs/codeigniter4/app/Views/settings/editsetting.php')
 3 SYSTEMPATH/View/View.php(229): CodeIgniter\View\View->CodeIgniter\View\{closure}()
 4 SYSTEMPATH/Common.php(1188): CodeIgniter\View\View->render('settings/editsetting', [], true)
 5 APPPATH/Controllers/Setting.php(13): view('settings/editsetting')
 6 SYSTEMPATH/CodeIgniter.php(919): App\Controllers\Setting->editData()
 7 SYSTEMPATH/CodeIgniter.php(494): CodeIgniter\CodeIgniter->runController(Object(App\Controllers\Setting))
 8 SYSTEMPATH/CodeIgniter.php(353): CodeIgniter\CodeIgniter->handleRequest(null, Object(Config\Cache), false)
 9 FCPATH/index.php(80): CodeIgniter\CodeIgniter->run()
CRITICAL - 2023-10-12 14:54:25 --> Undefined variable $data
in APPPATH/Views/settings/editsetting.php on line 49.
 1 APPPATH/Views/settings/editsetting.php(49): CodeIgniter\Debug\Exceptions->errorHandler(2, 'Undefined variable $data', '/opt/lampp/htdocs/codeigniter4/app/Views/settings/editsetting.php', 49)
 2 SYSTEMPATH/View/View.php(226): include('/opt/lampp/htdocs/codeigniter4/app/Views/settings/editsetting.php')
 3 SYSTEMPATH/View/View.php(229): CodeIgniter\View\View->CodeIgniter\View\{closure}()
 4 SYSTEMPATH/Common.php(1188): CodeIgniter\View\View->render('settings/editsetting', [], true)
 5 APPPATH/Controllers/Setting.php(13): view('settings/editsetting')
 6 SYSTEMPATH/CodeIgniter.php(919): App\Controllers\Setting->editData()
 7 SYSTEMPATH/CodeIgniter.php(494): CodeIgniter\CodeIgniter->runController(Object(App\Controllers\Setting))
 8 SYSTEMPATH/CodeIgniter.php(353): CodeIgniter\CodeIgniter->handleRequest(null, Object(Config\Cache), false)
 9 FCPATH/index.php(80): CodeIgniter\CodeIgniter->run()
CRITICAL - 2023-10-12 15:35:54 --> Attempt to read property "id" on null
in APPPATH/Views/layout/sidebar.php on line 69.
 1 APPPATH/Views/layout/sidebar.php(69): CodeIgniter\Debug\Exceptions->errorHandler(2, 'Attempt to read property "id" on null', '/opt/lampp/htdocs/codeigniter4/app/Views/layout/sidebar.php', 69)
 2 SYSTEMPATH/View/View.php(226): include('/opt/lampp/htdocs/codeigniter4/app/Views/layout/sidebar.php')
 3 SYSTEMPATH/View/View.php(229): CodeIgniter\View\View->CodeIgniter\View\{closure}()
 4 SYSTEMPATH/Common.php(1188): CodeIgniter\View\View->render('layout/sidebar.php', [], true)
 5 APPPATH/Views/settings/editsetting.php(3): view('layout/sidebar.php')
 6 SYSTEMPATH/View/View.php(226): include('/opt/lampp/htdocs/codeigniter4/app/Views/settings/editsetting.php')
 7 SYSTEMPATH/View/View.php(229): CodeIgniter\View\View->CodeIgniter\View\{closure}()
 8 SYSTEMPATH/Common.php(1188): CodeIgniter\View\View->render('settings/editsetting', [], true)
 9 APPPATH/Controllers/Setting.php(13): view('settings/editsetting', [...])
10 SYSTEMPATH/CodeIgniter.php(919): App\Controllers\Setting->editData('20')
11 SYSTEMPATH/CodeIgniter.php(494): CodeIgniter\CodeIgniter->runController(Object(App\Controllers\Setting))
12 SYSTEMPATH/CodeIgniter.php(353): CodeIgniter\CodeIgniter->handleRequest(null, Object(Config\Cache), false)
13 FCPATH/index.php(80): CodeIgniter\CodeIgniter->run()
CRITICAL - 2023-10-12 15:53:53 --> Undefined property: stdClass::$contact_number
in APPPATH/Views/settings/editsetting.php on line 96.
 1 APPPATH/Views/settings/editsetting.php(96): CodeIgniter\Debug\Exceptions->errorHandler(2, 'Undefined property: stdClass::$contact_number', '/opt/lampp/htdocs/codeigniter4/app/Views/settings/editsetting.php', 96)
 2 SYSTEMPATH/View/View.php(226): include('/opt/lampp/htdocs/codeigniter4/app/Views/settings/editsetting.php')
 3 SYSTEMPATH/View/View.php(229): CodeIgniter\View\View->CodeIgniter\View\{closure}()
 4 SYSTEMPATH/Common.php(1188): CodeIgniter\View\View->render('settings/editsetting', [], true)
 5 APPPATH/Controllers/Setting.php(13): view('settings/editsetting', [...])
 6 SYSTEMPATH/CodeIgniter.php(919): App\Controllers\Setting->editData('1')
 7 SYSTEMPATH/CodeIgniter.php(494): CodeIgniter\CodeIgniter->runController(Object(App\Controllers\Setting))
 8 SYSTEMPATH/CodeIgniter.php(353): CodeIgniter\CodeIgniter->handleRequest(null, Object(Config\Cache), false)
 9 FCPATH/index.php(80): CodeIgniter\CodeIgniter->run()
CRITICAL - 2023-10-12 16:46:55 --> Call to a member function isValid() on null
in APPPATH/Controllers/File.php on line 106.
 1 SYSTEMPATH/CodeIgniter.php(919): App\Controllers\File->updateData('1')
 2 SYSTEMPATH/CodeIgniter.php(494): CodeIgniter\CodeIgniter->runController(Object(App\Controllers\File))
 3 SYSTEMPATH/CodeIgniter.php(353): CodeIgniter\CodeIgniter->handleRequest(null, Object(Config\Cache), false)
 4 FCPATH/index.php(80): CodeIgniter\CodeIgniter->run()
INFO - 2023-10-12 16:48:15 --> Session: Class initialized using 'CodeIgniter\Session\Handlers\FileHandler' driver.
INFO - 2023-10-12 16:48:36 --> Session: Class initialized using 'CodeIgniter\Session\Handlers\FileHandler' driver.
INFO - 2023-10-12 16:50:04 --> Session: Class initialized using 'CodeIgniter\Session\Handlers\FileHandler' driver.
INFO - 2023-10-12 16:53:24 --> Session: Class initialized using 'CodeIgniter\Session\Handlers\FileHandler' driver.
INFO - 2023-10-12 16:56:37 --> Session: Class initialized using 'CodeIgniter\Session\Handlers\FileHandler' driver.
INFO - 2023-10-12 16:58:57 --> Session: Class initialized using 'CodeIgniter\Session\Handlers\FileHandler' driver.
INFO - 2023-10-12 16:59:41 --> Session: Class initialized using 'CodeIgniter\Session\Handlers\FileHandler' driver.
INFO - 2023-10-12 17:00:36 --> Session: Class initialized using 'CodeIgniter\Session\Handlers\FileHandler' driver.
INFO - 2023-10-12 17:02:22 --> Session: Class initialized using 'CodeIgniter\Session\Handlers\FileHandler' driver.
INFO - 2023-10-12 17:03:57 --> Session: Class initialized using 'CodeIgniter\Session\Handlers\FileHandler' driver.
INFO - 2023-10-12 17:06:27 --> Session: Class initialized using 'CodeIgniter\Session\Handlers\FileHandler' driver.
INFO - 2023-10-12 17:21:20 --> Session: Class initialized using 'CodeIgniter\Session\Handlers\FileHandler' driver.
INFO - 2023-10-12 17:21:59 --> Session: Class initialized using 'CodeIgniter\Session\Handlers\FileHandler' driver.
INFO - 2023-10-12 17:27:20 --> Session: Class initialized using 'CodeIgniter\Session\Handlers\FileHandler' driver.
INFO - 2023-10-12 17:32:02 --> Session: Class initialized using 'CodeIgniter\Session\Handlers\FileHandler' driver.
INFO - 2023-10-12 17:34:43 --> Session: Class initialized using 'CodeIgniter\Session\Handlers\FileHandler' driver.
INFO - 2023-10-12 17:37:27 --> Session: Class initialized using 'CodeIgniter\Session\Handlers\FileHandler' driver.
CRITICAL - 2023-10-12 17:45:12 --> Undefined property: stdClass::$banner_title
in APPPATH/Views/settings/viewsetting.php on line 47.
 1 APPPATH/Views/settings/viewsetting.php(47): CodeIgniter\Debug\Exceptions->errorHandler(2, 'Undefined property: stdClass::$banner_title', '/opt/lampp/htdocs/codeigniter4/app/Views/settings/viewsetting.php', 47)
 2 SYSTEMPATH/View/View.php(226): include('/opt/lampp/htdocs/codeigniter4/app/Views/settings/viewsetting.php')
 3 SYSTEMPATH/View/View.php(229): CodeIgniter\View\View->CodeIgniter\View\{closure}()
 4 SYSTEMPATH/Common.php(1188): CodeIgniter\View\View->render('settings/viewsetting', [], true)
 5 APPPATH/Controllers/Setting.php(126): view('settings/viewsetting', [...])
 6 SYSTEMPATH/CodeIgniter.php(919): App\Controllers\Setting->viewData()
 7 SYSTEMPATH/CodeIgniter.php(494): CodeIgniter\CodeIgniter->runController(Object(App\Controllers\Setting))
 8 SYSTEMPATH/CodeIgniter.php(353): CodeIgniter\CodeIgniter->handleRequest(null, Object(Config\Cache), false)
 9 FCPATH/index.php(80): CodeIgniter\CodeIgniter->run()
CRITICAL - 2023-10-12 18:03:29 --> Undefined property: stdClass::$contact_number
in APPPATH/Views/settings/viewsetting.php on line 56.
 1 APPPATH/Views/settings/viewsetting.php(56): CodeIgniter\Debug\Exceptions->errorHandler(2, 'Undefined property: stdClass::$contact_number', '/opt/lampp/htdocs/codeigniter4/app/Views/settings/viewsetting.php', 56)
 2 SYSTEMPATH/View/View.php(226): include('/opt/lampp/htdocs/codeigniter4/app/Views/settings/viewsetting.php')
 3 SYSTEMPATH/View/View.php(229): CodeIgniter\View\View->CodeIgniter\View\{closure}()
 4 SYSTEMPATH/Common.php(1188): CodeIgniter\View\View->render('settings/viewsetting', [], true)
 5 APPPATH/Controllers/Setting.php(126): view('settings/viewsetting', [...])
 6 SYSTEMPATH/CodeIgniter.php(919): App\Controllers\Setting->viewData()
 7 SYSTEMPATH/CodeIgniter.php(494): CodeIgniter\CodeIgniter->runController(Object(App\Controllers\Setting))
 8 SYSTEMPATH/CodeIgniter.php(353): CodeIgniter\CodeIgniter->handleRequest(null, Object(Config\Cache), false)
 9 FCPATH/index.php(80): CodeIgniter\CodeIgniter->run()
CRITICAL - 2023-10-12 18:06:33 --> Attempt to read property "id" on null
in APPPATH/Views/banners/editbanner.php on line 31.
 1 APPPATH/Views/banners/editbanner.php(31): CodeIgniter\Debug\Exceptions->errorHandler(2, 'Attempt to read property "id" on null', '/opt/lampp/htdocs/codeigniter4/app/Views/banners/editbanner.php', 31)
 2 SYSTEMPATH/View/View.php(226): include('/opt/lampp/htdocs/codeigniter4/app/Views/banners/editbanner.php')
 3 SYSTEMPATH/View/View.php(229): CodeIgniter\View\View->CodeIgniter\View\{closure}()
 4 SYSTEMPATH/Common.php(1188): CodeIgniter\View\View->render('banners/editbanner', [], true)
 5 APPPATH/Controllers/Banner.php(71): view('banners/editbanner', [...])
 6 SYSTEMPATH/CodeIgniter.php(919): App\Controllers\Banner->editData('1')
 7 SYSTEMPATH/CodeIgniter.php(494): CodeIgniter\CodeIgniter->runController(Object(App\Controllers\Banner))
 8 SYSTEMPATH/CodeIgniter.php(353): CodeIgniter\CodeIgniter->handleRequest(null, Object(Config\Cache), false)
 9 FCPATH/index.php(80): CodeIgniter\CodeIgniter->run()
CRITICAL - 2023-10-12 18:06:52 --> Attempt to read property "id" on null
in APPPATH/Views/banners/editbanner.php on line 31.
 1 APPPATH/Views/banners/editbanner.php(31): CodeIgniter\Debug\Exceptions->errorHandler(2, 'Attempt to read property "id" on null', '/opt/lampp/htdocs/codeigniter4/app/Views/banners/editbanner.php', 31)
 2 SYSTEMPATH/View/View.php(226): include('/opt/lampp/htdocs/codeigniter4/app/Views/banners/editbanner.php')
 3 SYSTEMPATH/View/View.php(229): CodeIgniter\View\View->CodeIgniter\View\{closure}()
 4 SYSTEMPATH/Common.php(1188): CodeIgniter\View\View->render('banners/editbanner', [], true)
 5 APPPATH/Controllers/Banner.php(71): view('banners/editbanner', [...])
 6 SYSTEMPATH/CodeIgniter.php(919): App\Controllers\Banner->editData('1')
 7 SYSTEMPATH/CodeIgniter.php(494): CodeIgniter\CodeIgniter->runController(Object(App\Controllers\Banner))
 8 SYSTEMPATH/CodeIgniter.php(353): CodeIgniter\CodeIgniter->handleRequest(null, Object(Config\Cache), false)
 9 FCPATH/index.php(80): CodeIgniter\CodeIgniter->run()
INFO - 2023-10-12 18:07:08 --> Session: Class initialized using 'CodeIgniter\Session\Handlers\FileHandler' driver.
INFO - 2023-10-12 18:07:29 --> Session: Class initialized using 'CodeIgniter\Session\Handlers\FileHandler' driver.
INFO - 2023-10-12 18:08:28 --> Session: Class initialized using 'CodeIgniter\Session\Handlers\FileHandler' driver.
INFO - 2023-10-12 18:30:21 --> Session: Class initialized using 'CodeIgniter\Session\Handlers\FileHandler' driver.
INFO - 2023-10-12 18:35:58 --> Session: Class initialized using 'CodeIgniter\Session\Handlers\FileHandler' driver.
INFO - 2023-10-12 18:36:10 --> Session: Class initialized using 'CodeIgniter\Session\Handlers\FileHandler' driver.
INFO - 2023-10-12 18:36:21 --> Session: Class initialized using 'CodeIgniter\Session\Handlers\FileHandler' driver.
INFO - 2023-10-12 18:36:30 --> Session: Class initialized using 'CodeIgniter\Session\Handlers\FileHandler' driver.
INFO - 2023-10-12 18:38:00 --> Session: Class initialized using 'CodeIgniter\Session\Handlers\FileHandler' driver.
INFO - 2023-10-12 18:38:45 --> Session: Class initialized using 'CodeIgniter\Session\Handlers\FileHandler' driver.
INFO - 2023-10-12 18:39:24 --> Session: Class initialized using 'CodeIgniter\Session\Handlers\FileHandler' driver.
INFO - 2023-10-12 18:41:49 --> Session: Class initialized using 'CodeIgniter\Session\Handlers\FileHandler' driver.
INFO - 2023-10-12 18:42:43 --> Session: Class initialized using 'CodeIgniter\Session\Handlers\FileHandler' driver.
INFO - 2023-10-12 18:43:46 --> Session: Class initialized using 'CodeIgniter\Session\Handlers\FileHandler' driver.
INFO - 2023-10-12 18:44:23 --> Session: Class initialized using 'CodeIgniter\Session\Handlers\FileHandler' driver.
INFO - 2023-10-12 18:44:46 --> Session: Class initialized using 'CodeIgniter\Session\Handlers\FileHandler' driver.
INFO - 2023-10-12 18:45:11 --> Session: Class initialized using 'CodeIgniter\Session\Handlers\FileHandler' driver.
INFO - 2023-10-12 18:45:31 --> Session: Class initialized using 'CodeIgniter\Session\Handlers\FileHandler' driver.
INFO - 2023-10-12 18:45:52 --> Session: Class initialized using 'CodeIgniter\Session\Handlers\FileHandler' driver.
INFO - 2023-10-12 18:46:59 --> Session: Class initialized using 'CodeIgniter\Session\Handlers\FileHandler' driver.
INFO - 2023-10-12 18:48:32 --> Session: Class initialized using 'CodeIgniter\Session\Handlers\FileHandler' driver.
INFO - 2023-10-12 18:49:23 --> Session: Class initialized using 'CodeIgniter\Session\Handlers\FileHandler' driver.
INFO - 2023-10-12 18:50:30 --> Session: Class initialized using 'CodeIgniter\Session\Handlers\FileHandler' driver.
INFO - 2023-10-12 19:17:27 --> Session: Class initialized using 'CodeIgniter\Session\Handlers\FileHandler' driver.
CRITICAL - 2023-10-12 19:17:37 --> Undefined variable $rules
in APPPATH/Controllers/Banner.php on line 85.
 1 APPPATH/Controllers/Banner.php(85): CodeIgniter\Debug\Exceptions->errorHandler(2, 'Undefined variable $rules', '/opt/lampp/htdocs/codeigniter4/app/Controllers/Banner.php', 85)
 2 SYSTEMPATH/CodeIgniter.php(919): App\Controllers\Banner->updateData('20')
 3 SYSTEMPATH/CodeIgniter.php(494): CodeIgniter\CodeIgniter->runController(Object(App\Controllers\Banner))
 4 SYSTEMPATH/CodeIgniter.php(353): CodeIgniter\CodeIgniter->handleRequest(null, Object(Config\Cache), false)
 5 FCPATH/index.php(80): CodeIgniter\CodeIgniter->run()
INFO - 2023-10-12 19:18:03 --> Session: Class initialized using 'CodeIgniter\Session\Handlers\FileHandler' driver.
INFO - 2023-10-12 19:18:08 --> Session: Class initialized using 'CodeIgniter\Session\Handlers\FileHandler' driver.
INFO - 2023-10-12 19:18:19 --> Session: Class initialized using 'CodeIgniter\Session\Handlers\FileHandler' driver.
INFO - 2023-10-12 19:18:44 --> Session: Class initialized using 'CodeIgniter\Session\Handlers\FileHandler' driver.
INFO - 2023-10-12 19:19:19 --> Session: Class initialized using 'CodeIgniter\Session\Handlers\FileHandler' driver.
INFO - 2023-10-12 19:19:42 --> Session: Class initialized using 'CodeIgniter\Session\Handlers\FileHandler' driver.
INFO - 2023-10-12 19:20:05 --> Session: Class initialized using 'CodeIgniter\Session\Handlers\FileHandler' driver.
INFO - 2023-10-12 19:30:15 --> Session: Class initialized using 'CodeIgniter\Session\Handlers\FileHandler' driver.
INFO - 2023-10-12 19:34:09 --> Session: Class initialized using 'CodeIgniter\Session\Handlers\FileHandler' driver.
INFO - 2023-10-12 19:35:03 --> Session: Class initialized using 'CodeIgniter\Session\Handlers\FileHandler' driver.
INFO - 2023-10-12 19:35:31 --> Session: Class initialized using 'CodeIgniter\Session\Handlers\FileHandler' driver.
INFO - 2023-10-12 19:36:34 --> Session: Class initialized using 'CodeIgniter\Session\Handlers\FileHandler' driver.
INFO - 2023-10-12 19:45:50 --> Session: Class initialized using 'CodeIgniter\Session\Handlers\FileHandler' driver.
INFO - 2023-10-12 19:46:03 --> Session: Class initialized using 'CodeIgniter\Session\Handlers\FileHandler' driver.
INFO - 2023-10-12 19:46:39 --> Session: Class initialized using 'CodeIgniter\Session\Handlers\FileHandler' driver.
INFO - 2023-10-12 19:48:54 --> Session: Class initialized using 'CodeIgniter\Session\Handlers\FileHandler' driver.
INFO - 2023-10-12 19:49:02 --> Session: Class initialized using 'CodeIgniter\Session\Handlers\FileHandler' driver.
INFO - 2023-10-12 19:49:13 --> Session: Class initialized using 'CodeIgniter\Session\Handlers\FileHandler' driver.
INFO - 2023-10-12 19:49:20 --> Session: Class initialized using 'CodeIgniter\Session\Handlers\FileHandler' driver.
INFO - 2023-10-12 19:53:41 --> Session: Class initialized using 'CodeIgniter\Session\Handlers\FileHandler' driver.
INFO - 2023-10-12 19:53:51 --> Session: Class initialized using 'CodeIgniter\Session\Handlers\FileHandler' driver.
INFO - 2023-10-12 19:53:58 --> Session: Class initialized using 'CodeIgniter\Session\Handlers\FileHandler' driver.
INFO - 2023-10-12 19:54:04 --> Session: Class initialized using 'CodeIgniter\Session\Handlers\FileHandler' driver.
INFO - 2023-10-12 19:54:16 --> Session: Class initialized using 'CodeIgniter\Session\Handlers\FileHandler' driver.
INFO - 2023-10-12 19:54:17 --> Session: Class initialized using 'CodeIgniter\Session\Handlers\FileHandler' driver.
INFO - 2023-10-12 19:54:23 --> Session: Class initialized using 'CodeIgniter\Session\Handlers\FileHandler' driver.
INFO - 2023-10-12 19:55:51 --> Session: Class initialized using 'CodeIgniter\Session\Handlers\FileHandler' driver.
INFO - 2023-10-12 19:56:02 --> Session: Class initialized using 'CodeIgniter\Session\Handlers\FileHandler' driver.
INFO - 2023-10-12 19:58:10 --> Session: Class initialized using 'CodeIgniter\Session\Handlers\FileHandler' driver.
INFO - 2023-10-12 19:58:21 --> Session: Class initialized using 'CodeIgniter\Session\Handlers\FileHandler' driver.
INFO - 2023-10-12 19:58:25 --> Session: Class initialized using 'CodeIgniter\Session\Handlers\FileHandler' driver.
